TimeQuest Timing Analyzer report for Add_row_column_1
Tue Jan 11 10:22:20 2022
Quartus II 64-Bit Version 13.0.1 Build 232 06/12/2013 Service Pack 1 SJ Web Edition


---------------------
; Table of Contents ;
---------------------
  1. Legal Notice
  2. TimeQuest Timing Analyzer Summary
  3. Parallel Compilation
  4. Clocks
  5. Slow Model Fmax Summary
  6. Slow Model Setup Summary
  7. Slow Model Hold Summary
  8. Slow Model Recovery Summary
  9. Slow Model Removal Summary
 10. Slow Model Minimum Pulse Width Summary
 11. Propagation Delay
 12. Minimum Propagation Delay
 13. Fast Model Setup Summary
 14. Fast Model Hold Summary
 15. Fast Model Recovery Summary
 16. Fast Model Removal Summary
 17. Fast Model Minimum Pulse Width Summary
 18. Propagation Delay
 19. Minimum Propagation Delay
 20. Multicorner Timing Analysis Summary
 21. Progagation Delay
 22. Minimum Progagation Delay
 23. Clock Transfers
 24. Report TCCS
 25. Report RSKM
 26. Unconstrained Paths
 27. TimeQuest Timing Analyzer Messages



----------------
; Legal Notice ;
----------------
Copyright (C) 1991-2013 Altera Corporation
Your use of Altera Corporation's design tools, logic functions 
and other software and tools, and its AMPP partner logic 
functions, and any output files from any of the foregoing 
(including device programming or simulation files), and any 
associated documentation or information are expressly subject 
to the terms and conditions of the Altera Program License 
Subscription Agreement, Altera MegaCore Function License 
Agreement, or other applicable license agreement, including, 
without limitation, that your use is for the sole purpose of 
programming logic devices manufactured by Altera and sold by 
Altera or its authorized distributors.  Please refer to the 
applicable agreement for further details.



+----------------------------------------------------------------------------------------+
; TimeQuest Timing Analyzer Summary                                                      ;
+--------------------+-------------------------------------------------------------------+
; Quartus II Version ; Version 13.0.1 Build 232 06/12/2013 Service Pack 1 SJ Web Edition ;
; Revision Name      ; Add_row_column_1                                                  ;
; Device Family      ; Cyclone II                                                        ;
; Device Name        ; EP2C50F672C6                                                      ;
; Timing Models      ; Final                                                             ;
; Delay Model        ; Combined                                                          ;
; Rise/Fall Delays   ; Unavailable                                                       ;
+--------------------+-------------------------------------------------------------------+


Parallel compilation was disabled, but you have multiple processors available. Enable parallel compilation to reduce compilation time.
+-------------------------------------+
; Parallel Compilation                ;
+----------------------------+--------+
; Processors                 ; Number ;
+----------------------------+--------+
; Number detected on machine ; 12     ;
; Maximum allowed            ; 1      ;
+----------------------------+--------+


----------
; Clocks ;
----------
No clocks to report.


---------------------------
; Slow Model Fmax Summary ;
---------------------------
No paths to report.


----------------------------
; Slow Model Setup Summary ;
----------------------------
No paths to report.


---------------------------
; Slow Model Hold Summary ;
---------------------------
No paths to report.


-------------------------------
; Slow Model Recovery Summary ;
-------------------------------
No paths to report.


------------------------------
; Slow Model Removal Summary ;
------------------------------
No paths to report.


------------------------------------------
; Slow Model Minimum Pulse Width Summary ;
------------------------------------------
No paths to report.


+------------------------------------------------------------------------------+
; Propagation Delay                                                            ;
+--------------------+---------------------+--------+--------+--------+--------+
; Input Port         ; Output Port         ; RR     ; RF     ; FR     ; FF     ;
+--------------------+---------------------+--------+--------+--------+--------+
; In_Column_Value[0] ; Out_Column_Value[0] ;        ; 8.155  ; 8.155  ;        ;
; In_Column_Value[0] ; Out_Column_Value[1] ; 9.460  ; 9.460  ; 9.460  ; 9.460  ;
; In_Column_Value[0] ; Out_Column_Value[2] ; 9.866  ; 9.866  ; 9.866  ; 9.866  ;
; In_Column_Value[0] ; Out_Column_Value[3] ; 10.165 ; 10.165 ; 10.165 ; 10.165 ;
; In_Column_Value[0] ; Out_Column_Value[4] ; 9.981  ; 9.981  ; 9.981  ; 9.981  ;
; In_Column_Value[0] ; Out_Column_Value[5] ; 10.380 ; 10.380 ; 10.380 ; 10.380 ;
; In_Column_Value[0] ; Out_Column_Value[6] ; 9.801  ; 9.801  ; 9.801  ; 9.801  ;
; In_Column_Value[0] ; Out_Column_Value[7] ; 10.227 ; 10.227 ; 10.227 ; 10.227 ;
; In_Column_Value[0] ; Out_Row_Value[0]    ; 10.342 ; 10.342 ; 10.342 ; 10.342 ;
; In_Column_Value[0] ; Out_Row_Value[1]    ; 12.064 ; 12.064 ; 12.064 ; 12.064 ;
; In_Column_Value[0] ; Out_Row_Value[2]    ; 10.959 ; 10.959 ; 10.959 ; 10.959 ;
; In_Column_Value[0] ; Out_Row_Value[3]    ; 10.229 ; 10.229 ; 10.229 ; 10.229 ;
; In_Column_Value[0] ; Out_Row_Value[4]    ; 10.614 ; 10.614 ; 10.614 ; 10.614 ;
; In_Column_Value[0] ; Out_Row_Value[5]    ; 11.679 ; 11.679 ; 11.679 ; 11.679 ;
; In_Column_Value[0] ; Out_Row_Value[6]    ; 10.754 ; 10.754 ; 10.754 ; 10.754 ;
; In_Column_Value[0] ; Out_Row_Value[7]    ; 13.245 ; 13.245 ; 13.245 ; 13.245 ;
; In_Column_Value[1] ; Out_Column_Value[1] ; 9.462  ; 9.462  ; 9.462  ; 9.462  ;
; In_Column_Value[1] ; Out_Column_Value[2] ; 9.872  ; 9.872  ; 9.872  ; 9.872  ;
; In_Column_Value[1] ; Out_Column_Value[3] ; 10.171 ; 10.171 ; 10.171 ; 10.171 ;
; In_Column_Value[1] ; Out_Column_Value[4] ; 9.987  ; 9.987  ; 9.987  ; 9.987  ;
; In_Column_Value[1] ; Out_Column_Value[5] ; 10.386 ; 10.386 ; 10.386 ; 10.386 ;
; In_Column_Value[1] ; Out_Column_Value[6] ; 9.807  ; 9.807  ; 9.807  ; 9.807  ;
; In_Column_Value[1] ; Out_Column_Value[7] ; 10.233 ; 10.233 ; 10.233 ; 10.233 ;
; In_Column_Value[1] ; Out_Row_Value[0]    ; 10.348 ; 10.348 ; 10.348 ; 10.348 ;
; In_Column_Value[1] ; Out_Row_Value[1]    ; 12.070 ; 12.070 ; 12.070 ; 12.070 ;
; In_Column_Value[1] ; Out_Row_Value[2]    ; 10.965 ; 10.965 ; 10.965 ; 10.965 ;
; In_Column_Value[1] ; Out_Row_Value[3]    ; 10.235 ; 10.235 ; 10.235 ; 10.235 ;
; In_Column_Value[1] ; Out_Row_Value[4]    ; 10.620 ; 10.620 ; 10.620 ; 10.620 ;
; In_Column_Value[1] ; Out_Row_Value[5]    ; 11.685 ; 11.685 ; 11.685 ; 11.685 ;
; In_Column_Value[1] ; Out_Row_Value[6]    ; 10.760 ; 10.760 ; 10.760 ; 10.760 ;
; In_Column_Value[1] ; Out_Row_Value[7]    ; 13.251 ; 13.251 ; 13.251 ; 13.251 ;
; In_Column_Value[2] ; Out_Column_Value[2] ; 9.484  ; 9.484  ; 9.484  ; 9.484  ;
; In_Column_Value[2] ; Out_Column_Value[3] ; 10.095 ; 10.095 ; 10.095 ; 10.095 ;
; In_Column_Value[2] ; Out_Column_Value[4] ; 9.911  ; 9.911  ; 9.911  ; 9.911  ;
; In_Column_Value[2] ; Out_Column_Value[5] ; 10.310 ; 10.310 ; 10.310 ; 10.310 ;
; In_Column_Value[2] ; Out_Column_Value[6] ; 9.731  ; 9.731  ; 9.731  ; 9.731  ;
; In_Column_Value[2] ; Out_Column_Value[7] ; 10.157 ; 10.157 ; 10.157 ; 10.157 ;
; In_Column_Value[2] ; Out_Row_Value[0]    ; 10.272 ; 10.272 ; 10.272 ; 10.272 ;
; In_Column_Value[2] ; Out_Row_Value[1]    ; 11.994 ; 11.994 ; 11.994 ; 11.994 ;
; In_Column_Value[2] ; Out_Row_Value[2]    ; 10.889 ; 10.889 ; 10.889 ; 10.889 ;
; In_Column_Value[2] ; Out_Row_Value[3]    ; 10.159 ; 10.159 ; 10.159 ; 10.159 ;
; In_Column_Value[2] ; Out_Row_Value[4]    ; 10.544 ; 10.544 ; 10.544 ; 10.544 ;
; In_Column_Value[2] ; Out_Row_Value[5]    ; 11.609 ; 11.609 ; 11.609 ; 11.609 ;
; In_Column_Value[2] ; Out_Row_Value[6]    ; 10.684 ; 10.684 ; 10.684 ; 10.684 ;
; In_Column_Value[2] ; Out_Row_Value[7]    ; 13.175 ; 13.175 ; 13.175 ; 13.175 ;
; In_Column_Value[3] ; Out_Column_Value[3] ; 9.732  ; 9.732  ; 9.732  ; 9.732  ;
; In_Column_Value[3] ; Out_Column_Value[4] ; 9.863  ; 9.863  ; 9.863  ; 9.863  ;
; In_Column_Value[3] ; Out_Column_Value[5] ; 10.262 ; 10.262 ; 10.262 ; 10.262 ;
; In_Column_Value[3] ; Out_Column_Value[6] ; 9.683  ; 9.683  ; 9.683  ; 9.683  ;
; In_Column_Value[3] ; Out_Column_Value[7] ; 10.109 ; 10.109 ; 10.109 ; 10.109 ;
; In_Column_Value[3] ; Out_Row_Value[0]    ; 10.224 ; 10.224 ; 10.224 ; 10.224 ;
; In_Column_Value[3] ; Out_Row_Value[1]    ; 11.946 ; 11.946 ; 11.946 ; 11.946 ;
; In_Column_Value[3] ; Out_Row_Value[2]    ; 10.841 ; 10.841 ; 10.841 ; 10.841 ;
; In_Column_Value[3] ; Out_Row_Value[3]    ; 10.111 ; 10.111 ; 10.111 ; 10.111 ;
; In_Column_Value[3] ; Out_Row_Value[4]    ; 10.496 ; 10.496 ; 10.496 ; 10.496 ;
; In_Column_Value[3] ; Out_Row_Value[5]    ; 11.561 ; 11.561 ; 11.561 ; 11.561 ;
; In_Column_Value[3] ; Out_Row_Value[6]    ; 10.636 ; 10.636 ; 10.636 ; 10.636 ;
; In_Column_Value[3] ; Out_Row_Value[7]    ; 13.127 ; 13.127 ; 13.127 ; 13.127 ;
; In_Column_Value[4] ; Out_Column_Value[4] ; 9.148  ; 9.148  ; 9.148  ; 9.148  ;
; In_Column_Value[4] ; Out_Column_Value[5] ; 9.859  ; 9.859  ; 9.859  ; 9.859  ;
; In_Column_Value[4] ; Out_Column_Value[6] ; 9.280  ; 9.280  ; 9.280  ; 9.280  ;
; In_Column_Value[4] ; Out_Column_Value[7] ; 9.706  ; 9.706  ; 9.706  ; 9.706  ;
; In_Column_Value[4] ; Out_Row_Value[0]    ; 9.821  ; 9.821  ; 9.821  ; 9.821  ;
; In_Column_Value[4] ; Out_Row_Value[1]    ; 11.543 ; 11.543 ; 11.543 ; 11.543 ;
; In_Column_Value[4] ; Out_Row_Value[2]    ; 10.438 ; 10.438 ; 10.438 ; 10.438 ;
; In_Column_Value[4] ; Out_Row_Value[3]    ; 9.708  ; 9.708  ; 9.708  ; 9.708  ;
; In_Column_Value[4] ; Out_Row_Value[4]    ; 10.093 ; 10.093 ; 10.093 ; 10.093 ;
; In_Column_Value[4] ; Out_Row_Value[5]    ; 11.158 ; 11.158 ; 11.158 ; 11.158 ;
; In_Column_Value[4] ; Out_Row_Value[6]    ; 10.233 ; 10.233 ; 10.233 ; 10.233 ;
; In_Column_Value[4] ; Out_Row_Value[7]    ; 12.724 ; 12.724 ; 12.724 ; 12.724 ;
; In_Column_Value[5] ; Out_Column_Value[5] ; 10.115 ; 10.115 ; 10.115 ; 10.115 ;
; In_Column_Value[5] ; Out_Column_Value[6] ; 9.851  ; 9.851  ; 9.851  ; 9.851  ;
; In_Column_Value[5] ; Out_Column_Value[7] ; 10.277 ; 10.277 ; 10.277 ; 10.277 ;
; In_Column_Value[5] ; Out_Row_Value[0]    ; 10.392 ; 10.392 ; 10.392 ; 10.392 ;
; In_Column_Value[5] ; Out_Row_Value[1]    ; 12.114 ; 12.114 ; 12.114 ; 12.114 ;
; In_Column_Value[5] ; Out_Row_Value[2]    ; 11.009 ; 11.009 ; 11.009 ; 11.009 ;
; In_Column_Value[5] ; Out_Row_Value[3]    ; 10.279 ; 10.279 ; 10.279 ; 10.279 ;
; In_Column_Value[5] ; Out_Row_Value[4]    ; 10.664 ; 10.664 ; 10.664 ; 10.664 ;
; In_Column_Value[5] ; Out_Row_Value[5]    ; 11.729 ; 11.729 ; 11.729 ; 11.729 ;
; In_Column_Value[5] ; Out_Row_Value[6]    ; 10.804 ; 10.804 ; 10.804 ; 10.804 ;
; In_Column_Value[5] ; Out_Row_Value[7]    ; 13.295 ; 13.295 ; 13.295 ; 13.295 ;
; In_Column_Value[6] ; Out_Column_Value[6] ; 9.100  ; 9.100  ; 9.100  ; 9.100  ;
; In_Column_Value[6] ; Out_Column_Value[7] ; 9.841  ; 9.841  ; 9.841  ; 9.841  ;
; In_Column_Value[6] ; Out_Row_Value[0]    ; 9.956  ; 9.956  ; 9.956  ; 9.956  ;
; In_Column_Value[6] ; Out_Row_Value[1]    ; 11.678 ; 11.678 ; 11.678 ; 11.678 ;
; In_Column_Value[6] ; Out_Row_Value[2]    ; 10.573 ; 10.573 ; 10.573 ; 10.573 ;
; In_Column_Value[6] ; Out_Row_Value[3]    ; 9.843  ; 9.843  ; 9.843  ; 9.843  ;
; In_Column_Value[6] ; Out_Row_Value[4]    ; 10.228 ; 10.228 ; 10.228 ; 10.228 ;
; In_Column_Value[6] ; Out_Row_Value[5]    ; 11.293 ; 11.293 ; 11.293 ; 11.293 ;
; In_Column_Value[6] ; Out_Row_Value[6]    ; 10.368 ; 10.368 ; 10.368 ; 10.368 ;
; In_Column_Value[6] ; Out_Row_Value[7]    ; 12.859 ; 12.859 ; 12.859 ; 12.859 ;
; In_Column_Value[7] ; Out_Column_Value[7] ; 7.220  ; 7.220  ; 7.220  ; 7.220  ;
; In_Column_Value[7] ; Out_Row_Value[0]    ; 7.651  ; 7.651  ; 7.651  ; 7.651  ;
; In_Column_Value[7] ; Out_Row_Value[1]    ; 9.373  ; 9.373  ; 9.373  ; 9.373  ;
; In_Column_Value[7] ; Out_Row_Value[2]    ; 8.268  ; 8.268  ; 8.268  ; 8.268  ;
; In_Column_Value[7] ; Out_Row_Value[3]    ; 7.538  ; 7.538  ; 7.538  ; 7.538  ;
; In_Column_Value[7] ; Out_Row_Value[4]    ; 7.923  ; 7.923  ; 7.923  ; 7.923  ;
; In_Column_Value[7] ; Out_Row_Value[5]    ; 8.988  ; 8.988  ; 8.988  ; 8.988  ;
; In_Column_Value[7] ; Out_Row_Value[6]    ; 8.063  ; 8.063  ; 8.063  ; 8.063  ;
; In_Column_Value[7] ; Out_Row_Value[7]    ; 10.554 ; 10.554 ; 10.554 ; 10.554 ;
; In_Row_Value[0]    ; Out_Row_Value[0]    ; 7.226  ; 7.226  ; 7.226  ; 7.226  ;
; In_Row_Value[0]    ; Out_Row_Value[1]    ; 9.260  ; 9.260  ; 9.260  ; 9.260  ;
; In_Row_Value[0]    ; Out_Row_Value[2]    ; 8.155  ; 8.155  ; 8.155  ; 8.155  ;
; In_Row_Value[0]    ; Out_Row_Value[3]    ; 7.425  ; 7.425  ; 7.425  ; 7.425  ;
; In_Row_Value[0]    ; Out_Row_Value[4]    ; 7.810  ; 7.810  ; 7.810  ; 7.810  ;
; In_Row_Value[0]    ; Out_Row_Value[5]    ; 8.875  ; 8.875  ; 8.875  ; 8.875  ;
; In_Row_Value[0]    ; Out_Row_Value[6]    ; 7.950  ; 7.950  ; 7.950  ; 7.950  ;
; In_Row_Value[0]    ; Out_Row_Value[7]    ; 10.441 ; 10.441 ; 10.441 ; 10.441 ;
; In_Row_Value[1]    ; Out_Row_Value[1]    ; 11.115 ; 11.115 ; 11.115 ; 11.115 ;
; In_Row_Value[1]    ; Out_Row_Value[2]    ; 10.322 ; 10.322 ; 10.322 ; 10.322 ;
; In_Row_Value[1]    ; Out_Row_Value[3]    ; 9.592  ; 9.592  ; 9.592  ; 9.592  ;
; In_Row_Value[1]    ; Out_Row_Value[4]    ; 9.977  ; 9.977  ; 9.977  ; 9.977  ;
; In_Row_Value[1]    ; Out_Row_Value[5]    ; 11.042 ; 11.042 ; 11.042 ; 11.042 ;
; In_Row_Value[1]    ; Out_Row_Value[6]    ; 10.117 ; 10.117 ; 10.117 ; 10.117 ;
; In_Row_Value[1]    ; Out_Row_Value[7]    ; 12.608 ; 12.608 ; 12.608 ; 12.608 ;
; In_Row_Value[2]    ; Out_Row_Value[2]    ; 9.943  ; 9.943  ; 9.943  ; 9.943  ;
; In_Row_Value[2]    ; Out_Row_Value[3]    ; 9.528  ; 9.528  ; 9.528  ; 9.528  ;
; In_Row_Value[2]    ; Out_Row_Value[4]    ; 9.913  ; 9.913  ; 9.913  ; 9.913  ;
; In_Row_Value[2]    ; Out_Row_Value[5]    ; 10.978 ; 10.978 ; 10.978 ; 10.978 ;
; In_Row_Value[2]    ; Out_Row_Value[6]    ; 10.053 ; 10.053 ; 10.053 ; 10.053 ;
; In_Row_Value[2]    ; Out_Row_Value[7]    ; 12.544 ; 12.544 ; 12.544 ; 12.544 ;
; In_Row_Value[3]    ; Out_Row_Value[3]    ; 9.124  ; 9.124  ; 9.124  ; 9.124  ;
; In_Row_Value[3]    ; Out_Row_Value[4]    ; 9.821  ; 9.821  ; 9.821  ; 9.821  ;
; In_Row_Value[3]    ; Out_Row_Value[5]    ; 10.886 ; 10.886 ; 10.886 ; 10.886 ;
; In_Row_Value[3]    ; Out_Row_Value[6]    ; 9.961  ; 9.961  ; 9.961  ; 9.961  ;
; In_Row_Value[3]    ; Out_Row_Value[7]    ; 12.452 ; 12.452 ; 12.452 ; 12.452 ;
; In_Row_Value[4]    ; Out_Row_Value[4]    ; 10.308 ; 10.308 ; 10.308 ; 10.308 ;
; In_Row_Value[4]    ; Out_Row_Value[5]    ; 11.688 ; 11.688 ; 11.688 ; 11.688 ;
; In_Row_Value[4]    ; Out_Row_Value[6]    ; 10.763 ; 10.763 ; 10.763 ; 10.763 ;
; In_Row_Value[4]    ; Out_Row_Value[7]    ; 13.254 ; 13.254 ; 13.254 ; 13.254 ;
; In_Row_Value[5]    ; Out_Row_Value[5]    ; 10.437 ; 10.437 ; 10.437 ; 10.437 ;
; In_Row_Value[5]    ; Out_Row_Value[6]    ; 9.827  ; 9.827  ; 9.827  ; 9.827  ;
; In_Row_Value[5]    ; Out_Row_Value[7]    ; 12.318 ; 12.318 ; 12.318 ; 12.318 ;
; In_Row_Value[6]    ; Out_Row_Value[6]    ; 9.454  ; 9.454  ; 9.454  ; 9.454  ;
; In_Row_Value[6]    ; Out_Row_Value[7]    ; 12.260 ; 12.260 ; 12.260 ; 12.260 ;
; In_Row_Value[7]    ; Out_Row_Value[7]    ; 11.565 ; 11.565 ; 11.565 ; 11.565 ;
+--------------------+---------------------+--------+--------+--------+--------+


+------------------------------------------------------------------------------+
; Minimum Propagation Delay                                                    ;
+--------------------+---------------------+--------+--------+--------+--------+
; Input Port         ; Output Port         ; RR     ; RF     ; FR     ; FF     ;
+--------------------+---------------------+--------+--------+--------+--------+
; In_Column_Value[0] ; Out_Column_Value[0] ;        ; 8.155  ; 8.155  ;        ;
; In_Column_Value[0] ; Out_Column_Value[1] ; 9.460  ; 9.460  ; 9.460  ; 9.460  ;
; In_Column_Value[0] ; Out_Column_Value[2] ; 9.866  ; 9.866  ; 9.866  ; 9.866  ;
; In_Column_Value[0] ; Out_Column_Value[3] ; 10.165 ; 10.165 ; 10.165 ; 10.165 ;
; In_Column_Value[0] ; Out_Column_Value[4] ; 9.981  ; 9.981  ; 9.981  ; 9.981  ;
; In_Column_Value[0] ; Out_Column_Value[5] ; 10.380 ; 10.380 ; 10.380 ; 10.380 ;
; In_Column_Value[0] ; Out_Column_Value[6] ; 9.801  ; 9.801  ; 9.801  ; 9.801  ;
; In_Column_Value[0] ; Out_Column_Value[7] ; 10.227 ; 10.227 ; 10.227 ; 10.227 ;
; In_Column_Value[0] ; Out_Row_Value[0]    ; 10.342 ; 10.342 ; 10.342 ; 10.342 ;
; In_Column_Value[0] ; Out_Row_Value[1]    ; 12.064 ; 12.064 ; 12.064 ; 12.064 ;
; In_Column_Value[0] ; Out_Row_Value[2]    ; 10.959 ; 10.959 ; 10.959 ; 10.959 ;
; In_Column_Value[0] ; Out_Row_Value[3]    ; 10.229 ; 10.229 ; 10.229 ; 10.229 ;
; In_Column_Value[0] ; Out_Row_Value[4]    ; 10.614 ; 10.614 ; 10.614 ; 10.614 ;
; In_Column_Value[0] ; Out_Row_Value[5]    ; 11.679 ; 11.679 ; 11.679 ; 11.679 ;
; In_Column_Value[0] ; Out_Row_Value[6]    ; 10.754 ; 10.754 ; 10.754 ; 10.754 ;
; In_Column_Value[0] ; Out_Row_Value[7]    ; 13.245 ; 13.245 ; 13.245 ; 13.245 ;
; In_Column_Value[1] ; Out_Column_Value[1] ; 9.462  ; 9.462  ; 9.462  ; 9.462  ;
; In_Column_Value[1] ; Out_Column_Value[2] ; 9.872  ; 9.872  ; 9.872  ; 9.872  ;
; In_Column_Value[1] ; Out_Column_Value[3] ; 10.171 ; 10.171 ; 10.171 ; 10.171 ;
; In_Column_Value[1] ; Out_Column_Value[4] ; 9.987  ; 9.987  ; 9.987  ; 9.987  ;
; In_Column_Value[1] ; Out_Column_Value[5] ; 10.386 ; 10.386 ; 10.386 ; 10.386 ;
; In_Column_Value[1] ; Out_Column_Value[6] ; 9.807  ; 9.807  ; 9.807  ; 9.807  ;
; In_Column_Value[1] ; Out_Column_Value[7] ; 10.233 ; 10.233 ; 10.233 ; 10.233 ;
; In_Column_Value[1] ; Out_Row_Value[0]    ; 10.348 ; 10.348 ; 10.348 ; 10.348 ;
; In_Column_Value[1] ; Out_Row_Value[1]    ; 12.070 ; 12.070 ; 12.070 ; 12.070 ;
; In_Column_Value[1] ; Out_Row_Value[2]    ; 10.965 ; 10.965 ; 10.965 ; 10.965 ;
; In_Column_Value[1] ; Out_Row_Value[3]    ; 10.235 ; 10.235 ; 10.235 ; 10.235 ;
; In_Column_Value[1] ; Out_Row_Value[4]    ; 10.620 ; 10.620 ; 10.620 ; 10.620 ;
; In_Column_Value[1] ; Out_Row_Value[5]    ; 11.685 ; 11.685 ; 11.685 ; 11.685 ;
; In_Column_Value[1] ; Out_Row_Value[6]    ; 10.760 ; 10.760 ; 10.760 ; 10.760 ;
; In_Column_Value[1] ; Out_Row_Value[7]    ; 13.251 ; 13.251 ; 13.251 ; 13.251 ;
; In_Column_Value[2] ; Out_Column_Value[2] ; 9.484  ; 9.484  ; 9.484  ; 9.484  ;
; In_Column_Value[2] ; Out_Column_Value[3] ; 10.095 ; 10.095 ; 10.095 ; 10.095 ;
; In_Column_Value[2] ; Out_Column_Value[4] ; 9.911  ; 9.911  ; 9.911  ; 9.911  ;
; In_Column_Value[2] ; Out_Column_Value[5] ; 10.310 ; 10.310 ; 10.310 ; 10.310 ;
; In_Column_Value[2] ; Out_Column_Value[6] ; 9.731  ; 9.731  ; 9.731  ; 9.731  ;
; In_Column_Value[2] ; Out_Column_Value[7] ; 10.157 ; 10.157 ; 10.157 ; 10.157 ;
; In_Column_Value[2] ; Out_Row_Value[0]    ; 10.272 ; 10.272 ; 10.272 ; 10.272 ;
; In_Column_Value[2] ; Out_Row_Value[1]    ; 11.994 ; 11.994 ; 11.994 ; 11.994 ;
; In_Column_Value[2] ; Out_Row_Value[2]    ; 10.889 ; 10.889 ; 10.889 ; 10.889 ;
; In_Column_Value[2] ; Out_Row_Value[3]    ; 10.159 ; 10.159 ; 10.159 ; 10.159 ;
; In_Column_Value[2] ; Out_Row_Value[4]    ; 10.544 ; 10.544 ; 10.544 ; 10.544 ;
; In_Column_Value[2] ; Out_Row_Value[5]    ; 11.609 ; 11.609 ; 11.609 ; 11.609 ;
; In_Column_Value[2] ; Out_Row_Value[6]    ; 10.684 ; 10.684 ; 10.684 ; 10.684 ;
; In_Column_Value[2] ; Out_Row_Value[7]    ; 13.175 ; 13.175 ; 13.175 ; 13.175 ;
; In_Column_Value[3] ; Out_Column_Value[3] ; 9.732  ; 9.732  ; 9.732  ; 9.732  ;
; In_Column_Value[3] ; Out_Column_Value[4] ; 9.863  ; 9.863  ; 9.863  ; 9.863  ;
; In_Column_Value[3] ; Out_Column_Value[5] ; 10.262 ; 10.262 ; 10.262 ; 10.262 ;
; In_Column_Value[3] ; Out_Column_Value[6] ; 9.683  ; 9.683  ; 9.683  ; 9.683  ;
; In_Column_Value[3] ; Out_Column_Value[7] ; 10.109 ; 10.109 ; 10.109 ; 10.109 ;
; In_Column_Value[3] ; Out_Row_Value[0]    ; 10.224 ; 10.224 ; 10.224 ; 10.224 ;
; In_Column_Value[3] ; Out_Row_Value[1]    ; 11.946 ; 11.946 ; 11.946 ; 11.946 ;
; In_Column_Value[3] ; Out_Row_Value[2]    ; 10.841 ; 10.841 ; 10.841 ; 10.841 ;
; In_Column_Value[3] ; Out_Row_Value[3]    ; 10.111 ; 10.111 ; 10.111 ; 10.111 ;
; In_Column_Value[3] ; Out_Row_Value[4]    ; 10.496 ; 10.496 ; 10.496 ; 10.496 ;
; In_Column_Value[3] ; Out_Row_Value[5]    ; 11.561 ; 11.561 ; 11.561 ; 11.561 ;
; In_Column_Value[3] ; Out_Row_Value[6]    ; 10.636 ; 10.636 ; 10.636 ; 10.636 ;
; In_Column_Value[3] ; Out_Row_Value[7]    ; 13.127 ; 13.127 ; 13.127 ; 13.127 ;
; In_Column_Value[4] ; Out_Column_Value[4] ; 9.148  ; 9.148  ; 9.148  ; 9.148  ;
; In_Column_Value[4] ; Out_Column_Value[5] ; 9.859  ; 9.859  ; 9.859  ; 9.859  ;
; In_Column_Value[4] ; Out_Column_Value[6] ; 9.280  ; 9.280  ; 9.280  ; 9.280  ;
; In_Column_Value[4] ; Out_Column_Value[7] ; 9.706  ; 9.706  ; 9.706  ; 9.706  ;
; In_Column_Value[4] ; Out_Row_Value[0]    ; 9.821  ; 9.821  ; 9.821  ; 9.821  ;
; In_Column_Value[4] ; Out_Row_Value[1]    ; 11.543 ; 11.543 ; 11.543 ; 11.543 ;
; In_Column_Value[4] ; Out_Row_Value[2]    ; 10.438 ; 10.438 ; 10.438 ; 10.438 ;
; In_Column_Value[4] ; Out_Row_Value[3]    ; 9.708  ; 9.708  ; 9.708  ; 9.708  ;
; In_Column_Value[4] ; Out_Row_Value[4]    ; 10.093 ; 10.093 ; 10.093 ; 10.093 ;
; In_Column_Value[4] ; Out_Row_Value[5]    ; 11.158 ; 11.158 ; 11.158 ; 11.158 ;
; In_Column_Value[4] ; Out_Row_Value[6]    ; 10.233 ; 10.233 ; 10.233 ; 10.233 ;
; In_Column_Value[4] ; Out_Row_Value[7]    ; 12.724 ; 12.724 ; 12.724 ; 12.724 ;
; In_Column_Value[5] ; Out_Column_Value[5] ; 10.115 ; 10.115 ; 10.115 ; 10.115 ;
; In_Column_Value[5] ; Out_Column_Value[6] ; 9.851  ; 9.851  ; 9.851  ; 9.851  ;
; In_Column_Value[5] ; Out_Column_Value[7] ; 10.277 ; 10.277 ; 10.277 ; 10.277 ;
; In_Column_Value[5] ; Out_Row_Value[0]    ; 10.392 ; 10.392 ; 10.392 ; 10.392 ;
; In_Column_Value[5] ; Out_Row_Value[1]    ; 12.114 ; 12.114 ; 12.114 ; 12.114 ;
; In_Column_Value[5] ; Out_Row_Value[2]    ; 11.009 ; 11.009 ; 11.009 ; 11.009 ;
; In_Column_Value[5] ; Out_Row_Value[3]    ; 10.279 ; 10.279 ; 10.279 ; 10.279 ;
; In_Column_Value[5] ; Out_Row_Value[4]    ; 10.664 ; 10.664 ; 10.664 ; 10.664 ;
; In_Column_Value[5] ; Out_Row_Value[5]    ; 11.729 ; 11.729 ; 11.729 ; 11.729 ;
; In_Column_Value[5] ; Out_Row_Value[6]    ; 10.804 ; 10.804 ; 10.804 ; 10.804 ;
; In_Column_Value[5] ; Out_Row_Value[7]    ; 13.295 ; 13.295 ; 13.295 ; 13.295 ;
; In_Column_Value[6] ; Out_Column_Value[6] ; 9.100  ; 9.100  ; 9.100  ; 9.100  ;
; In_Column_Value[6] ; Out_Column_Value[7] ; 9.841  ; 9.841  ; 9.841  ; 9.841  ;
; In_Column_Value[6] ; Out_Row_Value[0]    ; 9.956  ; 9.956  ; 9.956  ; 9.956  ;
; In_Column_Value[6] ; Out_Row_Value[1]    ; 11.678 ; 11.678 ; 11.678 ; 11.678 ;
; In_Column_Value[6] ; Out_Row_Value[2]    ; 10.573 ; 10.573 ; 10.573 ; 10.573 ;
; In_Column_Value[6] ; Out_Row_Value[3]    ; 9.843  ; 9.843  ; 9.843  ; 9.843  ;
; In_Column_Value[6] ; Out_Row_Value[4]    ; 10.228 ; 10.228 ; 10.228 ; 10.228 ;
; In_Column_Value[6] ; Out_Row_Value[5]    ; 11.293 ; 11.293 ; 11.293 ; 11.293 ;
; In_Column_Value[6] ; Out_Row_Value[6]    ; 10.368 ; 10.368 ; 10.368 ; 10.368 ;
; In_Column_Value[6] ; Out_Row_Value[7]    ; 12.859 ; 12.859 ; 12.859 ; 12.859 ;
; In_Column_Value[7] ; Out_Column_Value[7] ; 7.220  ; 7.220  ; 7.220  ; 7.220  ;
; In_Column_Value[7] ; Out_Row_Value[0]    ; 7.651  ; 7.651  ; 7.651  ; 7.651  ;
; In_Column_Value[7] ; Out_Row_Value[1]    ; 9.373  ; 9.373  ; 9.373  ; 9.373  ;
; In_Column_Value[7] ; Out_Row_Value[2]    ; 8.268  ; 8.268  ; 8.268  ; 8.268  ;
; In_Column_Value[7] ; Out_Row_Value[3]    ; 7.538  ; 7.538  ; 7.538  ; 7.538  ;
; In_Column_Value[7] ; Out_Row_Value[4]    ; 7.923  ; 7.923  ; 7.923  ; 7.923  ;
; In_Column_Value[7] ; Out_Row_Value[5]    ; 8.988  ; 8.988  ; 8.988  ; 8.988  ;
; In_Column_Value[7] ; Out_Row_Value[6]    ; 8.063  ; 8.063  ; 8.063  ; 8.063  ;
; In_Column_Value[7] ; Out_Row_Value[7]    ; 10.554 ; 10.554 ; 10.554 ; 10.554 ;
; In_Row_Value[0]    ; Out_Row_Value[0]    ; 7.226  ; 7.226  ; 7.226  ; 7.226  ;
; In_Row_Value[0]    ; Out_Row_Value[1]    ; 9.260  ; 9.260  ; 9.260  ; 9.260  ;
; In_Row_Value[0]    ; Out_Row_Value[2]    ; 8.155  ; 8.155  ; 8.155  ; 8.155  ;
; In_Row_Value[0]    ; Out_Row_Value[3]    ; 7.425  ; 7.425  ; 7.425  ; 7.425  ;
; In_Row_Value[0]    ; Out_Row_Value[4]    ; 7.810  ; 7.810  ; 7.810  ; 7.810  ;
; In_Row_Value[0]    ; Out_Row_Value[5]    ; 8.875  ; 8.875  ; 8.875  ; 8.875  ;
; In_Row_Value[0]    ; Out_Row_Value[6]    ; 7.950  ; 7.950  ; 7.950  ; 7.950  ;
; In_Row_Value[0]    ; Out_Row_Value[7]    ; 10.441 ; 10.441 ; 10.441 ; 10.441 ;
; In_Row_Value[1]    ; Out_Row_Value[1]    ; 11.115 ; 11.115 ; 11.115 ; 11.115 ;
; In_Row_Value[1]    ; Out_Row_Value[2]    ; 10.322 ; 10.322 ; 10.322 ; 10.322 ;
; In_Row_Value[1]    ; Out_Row_Value[3]    ; 9.592  ; 9.592  ; 9.592  ; 9.592  ;
; In_Row_Value[1]    ; Out_Row_Value[4]    ; 9.977  ; 9.977  ; 9.977  ; 9.977  ;
; In_Row_Value[1]    ; Out_Row_Value[5]    ; 11.042 ; 11.042 ; 11.042 ; 11.042 ;
; In_Row_Value[1]    ; Out_Row_Value[6]    ; 10.117 ; 10.117 ; 10.117 ; 10.117 ;
; In_Row_Value[1]    ; Out_Row_Value[7]    ; 12.608 ; 12.608 ; 12.608 ; 12.608 ;
; In_Row_Value[2]    ; Out_Row_Value[2]    ; 9.943  ; 9.943  ; 9.943  ; 9.943  ;
; In_Row_Value[2]    ; Out_Row_Value[3]    ; 9.528  ; 9.528  ; 9.528  ; 9.528  ;
; In_Row_Value[2]    ; Out_Row_Value[4]    ; 9.913  ; 9.913  ; 9.913  ; 9.913  ;
; In_Row_Value[2]    ; Out_Row_Value[5]    ; 10.978 ; 10.978 ; 10.978 ; 10.978 ;
; In_Row_Value[2]    ; Out_Row_Value[6]    ; 10.053 ; 10.053 ; 10.053 ; 10.053 ;
; In_Row_Value[2]    ; Out_Row_Value[7]    ; 12.544 ; 12.544 ; 12.544 ; 12.544 ;
; In_Row_Value[3]    ; Out_Row_Value[3]    ; 9.124  ; 9.124  ; 9.124  ; 9.124  ;
; In_Row_Value[3]    ; Out_Row_Value[4]    ; 9.821  ; 9.821  ; 9.821  ; 9.821  ;
; In_Row_Value[3]    ; Out_Row_Value[5]    ; 10.886 ; 10.886 ; 10.886 ; 10.886 ;
; In_Row_Value[3]    ; Out_Row_Value[6]    ; 9.961  ; 9.961  ; 9.961  ; 9.961  ;
; In_Row_Value[3]    ; Out_Row_Value[7]    ; 12.452 ; 12.452 ; 12.452 ; 12.452 ;
; In_Row_Value[4]    ; Out_Row_Value[4]    ; 10.308 ; 10.308 ; 10.308 ; 10.308 ;
; In_Row_Value[4]    ; Out_Row_Value[5]    ; 11.688 ; 11.688 ; 11.688 ; 11.688 ;
; In_Row_Value[4]    ; Out_Row_Value[6]    ; 10.763 ; 10.763 ; 10.763 ; 10.763 ;
; In_Row_Value[4]    ; Out_Row_Value[7]    ; 13.254 ; 13.254 ; 13.254 ; 13.254 ;
; In_Row_Value[5]    ; Out_Row_Value[5]    ; 10.437 ; 10.437 ; 10.437 ; 10.437 ;
; In_Row_Value[5]    ; Out_Row_Value[6]    ; 9.827  ; 9.827  ; 9.827  ; 9.827  ;
; In_Row_Value[5]    ; Out_Row_Value[7]    ; 12.318 ; 12.318 ; 12.318 ; 12.318 ;
; In_Row_Value[6]    ; Out_Row_Value[6]    ; 9.454  ; 9.454  ; 9.454  ; 9.454  ;
; In_Row_Value[6]    ; Out_Row_Value[7]    ; 12.260 ; 12.260 ; 12.260 ; 12.260 ;
; In_Row_Value[7]    ; Out_Row_Value[7]    ; 11.565 ; 11.565 ; 11.565 ; 11.565 ;
+--------------------+---------------------+--------+--------+--------+--------+


----------------------------
; Fast Model Setup Summary ;
----------------------------
No paths to report.


---------------------------
; Fast Model Hold Summary ;
---------------------------
No paths to report.


-------------------------------
; Fast Model Recovery Summary ;
-------------------------------
No paths to report.


------------------------------
; Fast Model Removal Summary ;
------------------------------
No paths to report.


------------------------------------------
; Fast Model Minimum Pulse Width Summary ;
------------------------------------------
No paths to report.


+--------------------------------------------------------------------------+
; Propagation Delay                                                        ;
+--------------------+---------------------+-------+-------+-------+-------+
; Input Port         ; Output Port         ; RR    ; RF    ; FR    ; FF    ;
+--------------------+---------------------+-------+-------+-------+-------+
; In_Column_Value[0] ; Out_Column_Value[0] ;       ; 4.693 ; 4.693 ;       ;
; In_Column_Value[0] ; Out_Column_Value[1] ; 5.280 ; 5.280 ; 5.280 ; 5.280 ;
; In_Column_Value[0] ; Out_Column_Value[2] ; 5.432 ; 5.432 ; 5.432 ; 5.432 ;
; In_Column_Value[0] ; Out_Column_Value[3] ; 5.546 ; 5.546 ; 5.546 ; 5.546 ;
; In_Column_Value[0] ; Out_Column_Value[4] ; 5.473 ; 5.473 ; 5.473 ; 5.473 ;
; In_Column_Value[0] ; Out_Column_Value[5] ; 5.674 ; 5.674 ; 5.674 ; 5.674 ;
; In_Column_Value[0] ; Out_Column_Value[6] ; 5.389 ; 5.389 ; 5.389 ; 5.389 ;
; In_Column_Value[0] ; Out_Column_Value[7] ; 5.599 ; 5.599 ; 5.599 ; 5.599 ;
; In_Column_Value[0] ; Out_Row_Value[0]    ; 5.662 ; 5.662 ; 5.662 ; 5.662 ;
; In_Column_Value[0] ; Out_Row_Value[1]    ; 6.554 ; 6.554 ; 6.554 ; 6.554 ;
; In_Column_Value[0] ; Out_Row_Value[2]    ; 5.962 ; 5.962 ; 5.962 ; 5.962 ;
; In_Column_Value[0] ; Out_Row_Value[3]    ; 5.612 ; 5.612 ; 5.612 ; 5.612 ;
; In_Column_Value[0] ; Out_Row_Value[4]    ; 5.797 ; 5.797 ; 5.797 ; 5.797 ;
; In_Column_Value[0] ; Out_Row_Value[5]    ; 6.357 ; 6.357 ; 6.357 ; 6.357 ;
; In_Column_Value[0] ; Out_Row_Value[6]    ; 5.872 ; 5.872 ; 5.872 ; 5.872 ;
; In_Column_Value[0] ; Out_Row_Value[7]    ; 7.196 ; 7.196 ; 7.196 ; 7.196 ;
; In_Column_Value[1] ; Out_Column_Value[1] ; 5.257 ; 5.257 ; 5.257 ; 5.257 ;
; In_Column_Value[1] ; Out_Column_Value[2] ; 5.414 ; 5.414 ; 5.414 ; 5.414 ;
; In_Column_Value[1] ; Out_Column_Value[3] ; 5.528 ; 5.528 ; 5.528 ; 5.528 ;
; In_Column_Value[1] ; Out_Column_Value[4] ; 5.455 ; 5.455 ; 5.455 ; 5.455 ;
; In_Column_Value[1] ; Out_Column_Value[5] ; 5.656 ; 5.656 ; 5.656 ; 5.656 ;
; In_Column_Value[1] ; Out_Column_Value[6] ; 5.371 ; 5.371 ; 5.371 ; 5.371 ;
; In_Column_Value[1] ; Out_Column_Value[7] ; 5.581 ; 5.581 ; 5.581 ; 5.581 ;
; In_Column_Value[1] ; Out_Row_Value[0]    ; 5.644 ; 5.644 ; 5.644 ; 5.644 ;
; In_Column_Value[1] ; Out_Row_Value[1]    ; 6.536 ; 6.536 ; 6.536 ; 6.536 ;
; In_Column_Value[1] ; Out_Row_Value[2]    ; 5.944 ; 5.944 ; 5.944 ; 5.944 ;
; In_Column_Value[1] ; Out_Row_Value[3]    ; 5.594 ; 5.594 ; 5.594 ; 5.594 ;
; In_Column_Value[1] ; Out_Row_Value[4]    ; 5.779 ; 5.779 ; 5.779 ; 5.779 ;
; In_Column_Value[1] ; Out_Row_Value[5]    ; 6.339 ; 6.339 ; 6.339 ; 6.339 ;
; In_Column_Value[1] ; Out_Row_Value[6]    ; 5.854 ; 5.854 ; 5.854 ; 5.854 ;
; In_Column_Value[1] ; Out_Row_Value[7]    ; 7.178 ; 7.178 ; 7.178 ; 7.178 ;
; In_Column_Value[2] ; Out_Column_Value[2] ; 5.291 ; 5.291 ; 5.291 ; 5.291 ;
; In_Column_Value[2] ; Out_Column_Value[3] ; 5.508 ; 5.508 ; 5.508 ; 5.508 ;
; In_Column_Value[2] ; Out_Column_Value[4] ; 5.435 ; 5.435 ; 5.435 ; 5.435 ;
; In_Column_Value[2] ; Out_Column_Value[5] ; 5.636 ; 5.636 ; 5.636 ; 5.636 ;
; In_Column_Value[2] ; Out_Column_Value[6] ; 5.351 ; 5.351 ; 5.351 ; 5.351 ;
; In_Column_Value[2] ; Out_Column_Value[7] ; 5.561 ; 5.561 ; 5.561 ; 5.561 ;
; In_Column_Value[2] ; Out_Row_Value[0]    ; 5.624 ; 5.624 ; 5.624 ; 5.624 ;
; In_Column_Value[2] ; Out_Row_Value[1]    ; 6.516 ; 6.516 ; 6.516 ; 6.516 ;
; In_Column_Value[2] ; Out_Row_Value[2]    ; 5.924 ; 5.924 ; 5.924 ; 5.924 ;
; In_Column_Value[2] ; Out_Row_Value[3]    ; 5.574 ; 5.574 ; 5.574 ; 5.574 ;
; In_Column_Value[2] ; Out_Row_Value[4]    ; 5.759 ; 5.759 ; 5.759 ; 5.759 ;
; In_Column_Value[2] ; Out_Row_Value[5]    ; 6.319 ; 6.319 ; 6.319 ; 6.319 ;
; In_Column_Value[2] ; Out_Row_Value[6]    ; 5.834 ; 5.834 ; 5.834 ; 5.834 ;
; In_Column_Value[2] ; Out_Row_Value[7]    ; 7.158 ; 7.158 ; 7.158 ; 7.158 ;
; In_Column_Value[3] ; Out_Column_Value[3] ; 5.367 ; 5.367 ; 5.367 ; 5.367 ;
; In_Column_Value[3] ; Out_Column_Value[4] ; 5.399 ; 5.399 ; 5.399 ; 5.399 ;
; In_Column_Value[3] ; Out_Column_Value[5] ; 5.600 ; 5.600 ; 5.600 ; 5.600 ;
; In_Column_Value[3] ; Out_Column_Value[6] ; 5.315 ; 5.315 ; 5.315 ; 5.315 ;
; In_Column_Value[3] ; Out_Column_Value[7] ; 5.525 ; 5.525 ; 5.525 ; 5.525 ;
; In_Column_Value[3] ; Out_Row_Value[0]    ; 5.588 ; 5.588 ; 5.588 ; 5.588 ;
; In_Column_Value[3] ; Out_Row_Value[1]    ; 6.480 ; 6.480 ; 6.480 ; 6.480 ;
; In_Column_Value[3] ; Out_Row_Value[2]    ; 5.888 ; 5.888 ; 5.888 ; 5.888 ;
; In_Column_Value[3] ; Out_Row_Value[3]    ; 5.538 ; 5.538 ; 5.538 ; 5.538 ;
; In_Column_Value[3] ; Out_Row_Value[4]    ; 5.723 ; 5.723 ; 5.723 ; 5.723 ;
; In_Column_Value[3] ; Out_Row_Value[5]    ; 6.283 ; 6.283 ; 6.283 ; 6.283 ;
; In_Column_Value[3] ; Out_Row_Value[6]    ; 5.798 ; 5.798 ; 5.798 ; 5.798 ;
; In_Column_Value[3] ; Out_Row_Value[7]    ; 7.122 ; 7.122 ; 7.122 ; 7.122 ;
; In_Column_Value[4] ; Out_Column_Value[4] ; 5.115 ; 5.115 ; 5.115 ; 5.115 ;
; In_Column_Value[4] ; Out_Column_Value[5] ; 5.419 ; 5.419 ; 5.419 ; 5.419 ;
; In_Column_Value[4] ; Out_Column_Value[6] ; 5.134 ; 5.134 ; 5.134 ; 5.134 ;
; In_Column_Value[4] ; Out_Column_Value[7] ; 5.344 ; 5.344 ; 5.344 ; 5.344 ;
; In_Column_Value[4] ; Out_Row_Value[0]    ; 5.407 ; 5.407 ; 5.407 ; 5.407 ;
; In_Column_Value[4] ; Out_Row_Value[1]    ; 6.299 ; 6.299 ; 6.299 ; 6.299 ;
; In_Column_Value[4] ; Out_Row_Value[2]    ; 5.707 ; 5.707 ; 5.707 ; 5.707 ;
; In_Column_Value[4] ; Out_Row_Value[3]    ; 5.357 ; 5.357 ; 5.357 ; 5.357 ;
; In_Column_Value[4] ; Out_Row_Value[4]    ; 5.542 ; 5.542 ; 5.542 ; 5.542 ;
; In_Column_Value[4] ; Out_Row_Value[5]    ; 6.102 ; 6.102 ; 6.102 ; 6.102 ;
; In_Column_Value[4] ; Out_Row_Value[6]    ; 5.617 ; 5.617 ; 5.617 ; 5.617 ;
; In_Column_Value[4] ; Out_Row_Value[7]    ; 6.941 ; 6.941 ; 6.941 ; 6.941 ;
; In_Column_Value[5] ; Out_Column_Value[5] ; 5.602 ; 5.602 ; 5.602 ; 5.602 ;
; In_Column_Value[5] ; Out_Column_Value[6] ; 5.422 ; 5.422 ; 5.422 ; 5.422 ;
; In_Column_Value[5] ; Out_Column_Value[7] ; 5.632 ; 5.632 ; 5.632 ; 5.632 ;
; In_Column_Value[5] ; Out_Row_Value[0]    ; 5.695 ; 5.695 ; 5.695 ; 5.695 ;
; In_Column_Value[5] ; Out_Row_Value[1]    ; 6.587 ; 6.587 ; 6.587 ; 6.587 ;
; In_Column_Value[5] ; Out_Row_Value[2]    ; 5.995 ; 5.995 ; 5.995 ; 5.995 ;
; In_Column_Value[5] ; Out_Row_Value[3]    ; 5.645 ; 5.645 ; 5.645 ; 5.645 ;
; In_Column_Value[5] ; Out_Row_Value[4]    ; 5.830 ; 5.830 ; 5.830 ; 5.830 ;
; In_Column_Value[5] ; Out_Row_Value[5]    ; 6.390 ; 6.390 ; 6.390 ; 6.390 ;
; In_Column_Value[5] ; Out_Row_Value[6]    ; 5.905 ; 5.905 ; 5.905 ; 5.905 ;
; In_Column_Value[5] ; Out_Row_Value[7]    ; 7.229 ; 7.229 ; 7.229 ; 7.229 ;
; In_Column_Value[6] ; Out_Column_Value[6] ; 5.091 ; 5.091 ; 5.091 ; 5.091 ;
; In_Column_Value[6] ; Out_Column_Value[7] ; 5.406 ; 5.406 ; 5.406 ; 5.406 ;
; In_Column_Value[6] ; Out_Row_Value[0]    ; 5.469 ; 5.469 ; 5.469 ; 5.469 ;
; In_Column_Value[6] ; Out_Row_Value[1]    ; 6.361 ; 6.361 ; 6.361 ; 6.361 ;
; In_Column_Value[6] ; Out_Row_Value[2]    ; 5.769 ; 5.769 ; 5.769 ; 5.769 ;
; In_Column_Value[6] ; Out_Row_Value[3]    ; 5.419 ; 5.419 ; 5.419 ; 5.419 ;
; In_Column_Value[6] ; Out_Row_Value[4]    ; 5.604 ; 5.604 ; 5.604 ; 5.604 ;
; In_Column_Value[6] ; Out_Row_Value[5]    ; 6.164 ; 6.164 ; 6.164 ; 6.164 ;
; In_Column_Value[6] ; Out_Row_Value[6]    ; 5.679 ; 5.679 ; 5.679 ; 5.679 ;
; In_Column_Value[6] ; Out_Row_Value[7]    ; 7.003 ; 7.003 ; 7.003 ; 7.003 ;
; In_Column_Value[7] ; Out_Column_Value[7] ; 3.742 ; 3.742 ; 3.742 ; 3.742 ;
; In_Column_Value[7] ; Out_Row_Value[0]    ; 3.904 ; 3.904 ; 3.904 ; 3.904 ;
; In_Column_Value[7] ; Out_Row_Value[1]    ; 4.796 ; 4.796 ; 4.796 ; 4.796 ;
; In_Column_Value[7] ; Out_Row_Value[2]    ; 4.204 ; 4.204 ; 4.204 ; 4.204 ;
; In_Column_Value[7] ; Out_Row_Value[3]    ; 3.854 ; 3.854 ; 3.854 ; 3.854 ;
; In_Column_Value[7] ; Out_Row_Value[4]    ; 4.039 ; 4.039 ; 4.039 ; 4.039 ;
; In_Column_Value[7] ; Out_Row_Value[5]    ; 4.599 ; 4.599 ; 4.599 ; 4.599 ;
; In_Column_Value[7] ; Out_Row_Value[6]    ; 4.114 ; 4.114 ; 4.114 ; 4.114 ;
; In_Column_Value[7] ; Out_Row_Value[7]    ; 5.438 ; 5.438 ; 5.438 ; 5.438 ;
; In_Row_Value[0]    ; Out_Row_Value[0]    ; 3.729 ; 3.729 ; 3.729 ; 3.729 ;
; In_Row_Value[0]    ; Out_Row_Value[1]    ; 4.724 ; 4.724 ; 4.724 ; 4.724 ;
; In_Row_Value[0]    ; Out_Row_Value[2]    ; 4.132 ; 4.132 ; 4.132 ; 4.132 ;
; In_Row_Value[0]    ; Out_Row_Value[3]    ; 3.782 ; 3.782 ; 3.782 ; 3.782 ;
; In_Row_Value[0]    ; Out_Row_Value[4]    ; 3.967 ; 3.967 ; 3.967 ; 3.967 ;
; In_Row_Value[0]    ; Out_Row_Value[5]    ; 4.527 ; 4.527 ; 4.527 ; 4.527 ;
; In_Row_Value[0]    ; Out_Row_Value[6]    ; 4.042 ; 4.042 ; 4.042 ; 4.042 ;
; In_Row_Value[0]    ; Out_Row_Value[7]    ; 5.366 ; 5.366 ; 5.366 ; 5.366 ;
; In_Row_Value[1]    ; Out_Row_Value[1]    ; 6.128 ; 6.128 ; 6.128 ; 6.128 ;
; In_Row_Value[1]    ; Out_Row_Value[2]    ; 5.639 ; 5.639 ; 5.639 ; 5.639 ;
; In_Row_Value[1]    ; Out_Row_Value[3]    ; 5.289 ; 5.289 ; 5.289 ; 5.289 ;
; In_Row_Value[1]    ; Out_Row_Value[4]    ; 5.474 ; 5.474 ; 5.474 ; 5.474 ;
; In_Row_Value[1]    ; Out_Row_Value[5]    ; 6.034 ; 6.034 ; 6.034 ; 6.034 ;
; In_Row_Value[1]    ; Out_Row_Value[6]    ; 5.549 ; 5.549 ; 5.549 ; 5.549 ;
; In_Row_Value[1]    ; Out_Row_Value[7]    ; 6.873 ; 6.873 ; 6.873 ; 6.873 ;
; In_Row_Value[2]    ; Out_Row_Value[2]    ; 5.490 ; 5.490 ; 5.490 ; 5.490 ;
; In_Row_Value[2]    ; Out_Row_Value[3]    ; 5.245 ; 5.245 ; 5.245 ; 5.245 ;
; In_Row_Value[2]    ; Out_Row_Value[4]    ; 5.430 ; 5.430 ; 5.430 ; 5.430 ;
; In_Row_Value[2]    ; Out_Row_Value[5]    ; 5.990 ; 5.990 ; 5.990 ; 5.990 ;
; In_Row_Value[2]    ; Out_Row_Value[6]    ; 5.505 ; 5.505 ; 5.505 ; 5.505 ;
; In_Row_Value[2]    ; Out_Row_Value[7]    ; 6.829 ; 6.829 ; 6.829 ; 6.829 ;
; In_Row_Value[3]    ; Out_Row_Value[3]    ; 5.106 ; 5.106 ; 5.106 ; 5.106 ;
; In_Row_Value[3]    ; Out_Row_Value[4]    ; 5.394 ; 5.394 ; 5.394 ; 5.394 ;
; In_Row_Value[3]    ; Out_Row_Value[5]    ; 5.954 ; 5.954 ; 5.954 ; 5.954 ;
; In_Row_Value[3]    ; Out_Row_Value[6]    ; 5.469 ; 5.469 ; 5.469 ; 5.469 ;
; In_Row_Value[3]    ; Out_Row_Value[7]    ; 6.793 ; 6.793 ; 6.793 ; 6.793 ;
; In_Row_Value[4]    ; Out_Row_Value[4]    ; 5.699 ; 5.699 ; 5.699 ; 5.699 ;
; In_Row_Value[4]    ; Out_Row_Value[5]    ; 6.364 ; 6.364 ; 6.364 ; 6.364 ;
; In_Row_Value[4]    ; Out_Row_Value[6]    ; 5.879 ; 5.879 ; 5.879 ; 5.879 ;
; In_Row_Value[4]    ; Out_Row_Value[7]    ; 7.203 ; 7.203 ; 7.203 ; 7.203 ;
; In_Row_Value[5]    ; Out_Row_Value[5]    ; 5.771 ; 5.771 ; 5.771 ; 5.771 ;
; In_Row_Value[5]    ; Out_Row_Value[6]    ; 5.391 ; 5.391 ; 5.391 ; 5.391 ;
; In_Row_Value[5]    ; Out_Row_Value[7]    ; 6.715 ; 6.715 ; 6.715 ; 6.715 ;
; In_Row_Value[6]    ; Out_Row_Value[6]    ; 5.258 ; 5.258 ; 5.258 ; 5.258 ;
; In_Row_Value[6]    ; Out_Row_Value[7]    ; 6.687 ; 6.687 ; 6.687 ; 6.687 ;
; In_Row_Value[7]    ; Out_Row_Value[7]    ; 6.416 ; 6.416 ; 6.416 ; 6.416 ;
+--------------------+---------------------+-------+-------+-------+-------+


+--------------------------------------------------------------------------+
; Minimum Propagation Delay                                                ;
+--------------------+---------------------+-------+-------+-------+-------+
; Input Port         ; Output Port         ; RR    ; RF    ; FR    ; FF    ;
+--------------------+---------------------+-------+-------+-------+-------+
; In_Column_Value[0] ; Out_Column_Value[0] ;       ; 4.693 ; 4.693 ;       ;
; In_Column_Value[0] ; Out_Column_Value[1] ; 5.280 ; 5.280 ; 5.280 ; 5.280 ;
; In_Column_Value[0] ; Out_Column_Value[2] ; 5.432 ; 5.432 ; 5.432 ; 5.432 ;
; In_Column_Value[0] ; Out_Column_Value[3] ; 5.546 ; 5.546 ; 5.546 ; 5.546 ;
; In_Column_Value[0] ; Out_Column_Value[4] ; 5.473 ; 5.473 ; 5.473 ; 5.473 ;
; In_Column_Value[0] ; Out_Column_Value[5] ; 5.674 ; 5.674 ; 5.674 ; 5.674 ;
; In_Column_Value[0] ; Out_Column_Value[6] ; 5.389 ; 5.389 ; 5.389 ; 5.389 ;
; In_Column_Value[0] ; Out_Column_Value[7] ; 5.599 ; 5.599 ; 5.599 ; 5.599 ;
; In_Column_Value[0] ; Out_Row_Value[0]    ; 5.662 ; 5.662 ; 5.662 ; 5.662 ;
; In_Column_Value[0] ; Out_Row_Value[1]    ; 6.554 ; 6.554 ; 6.554 ; 6.554 ;
; In_Column_Value[0] ; Out_Row_Value[2]    ; 5.962 ; 5.962 ; 5.962 ; 5.962 ;
; In_Column_Value[0] ; Out_Row_Value[3]    ; 5.612 ; 5.612 ; 5.612 ; 5.612 ;
; In_Column_Value[0] ; Out_Row_Value[4]    ; 5.797 ; 5.797 ; 5.797 ; 5.797 ;
; In_Column_Value[0] ; Out_Row_Value[5]    ; 6.357 ; 6.357 ; 6.357 ; 6.357 ;
; In_Column_Value[0] ; Out_Row_Value[6]    ; 5.872 ; 5.872 ; 5.872 ; 5.872 ;
; In_Column_Value[0] ; Out_Row_Value[7]    ; 7.196 ; 7.196 ; 7.196 ; 7.196 ;
; In_Column_Value[1] ; Out_Column_Value[1] ; 5.257 ; 5.257 ; 5.257 ; 5.257 ;
; In_Column_Value[1] ; Out_Column_Value[2] ; 5.414 ; 5.414 ; 5.414 ; 5.414 ;
; In_Column_Value[1] ; Out_Column_Value[3] ; 5.528 ; 5.528 ; 5.528 ; 5.528 ;
; In_Column_Value[1] ; Out_Column_Value[4] ; 5.455 ; 5.455 ; 5.455 ; 5.455 ;
; In_Column_Value[1] ; Out_Column_Value[5] ; 5.656 ; 5.656 ; 5.656 ; 5.656 ;
; In_Column_Value[1] ; Out_Column_Value[6] ; 5.371 ; 5.371 ; 5.371 ; 5.371 ;
; In_Column_Value[1] ; Out_Column_Value[7] ; 5.581 ; 5.581 ; 5.581 ; 5.581 ;
; In_Column_Value[1] ; Out_Row_Value[0]    ; 5.644 ; 5.644 ; 5.644 ; 5.644 ;
; In_Column_Value[1] ; Out_Row_Value[1]    ; 6.536 ; 6.536 ; 6.536 ; 6.536 ;
; In_Column_Value[1] ; Out_Row_Value[2]    ; 5.944 ; 5.944 ; 5.944 ; 5.944 ;
; In_Column_Value[1] ; Out_Row_Value[3]    ; 5.594 ; 5.594 ; 5.594 ; 5.594 ;
; In_Column_Value[1] ; Out_Row_Value[4]    ; 5.779 ; 5.779 ; 5.779 ; 5.779 ;
; In_Column_Value[1] ; Out_Row_Value[5]    ; 6.339 ; 6.339 ; 6.339 ; 6.339 ;
; In_Column_Value[1] ; Out_Row_Value[6]    ; 5.854 ; 5.854 ; 5.854 ; 5.854 ;
; In_Column_Value[1] ; Out_Row_Value[7]    ; 7.178 ; 7.178 ; 7.178 ; 7.178 ;
; In_Column_Value[2] ; Out_Column_Value[2] ; 5.291 ; 5.291 ; 5.291 ; 5.291 ;
; In_Column_Value[2] ; Out_Column_Value[3] ; 5.508 ; 5.508 ; 5.508 ; 5.508 ;
; In_Column_Value[2] ; Out_Column_Value[4] ; 5.435 ; 5.435 ; 5.435 ; 5.435 ;
; In_Column_Value[2] ; Out_Column_Value[5] ; 5.636 ; 5.636 ; 5.636 ; 5.636 ;
; In_Column_Value[2] ; Out_Column_Value[6] ; 5.351 ; 5.351 ; 5.351 ; 5.351 ;
; In_Column_Value[2] ; Out_Column_Value[7] ; 5.561 ; 5.561 ; 5.561 ; 5.561 ;
; In_Column_Value[2] ; Out_Row_Value[0]    ; 5.624 ; 5.624 ; 5.624 ; 5.624 ;
; In_Column_Value[2] ; Out_Row_Value[1]    ; 6.516 ; 6.516 ; 6.516 ; 6.516 ;
; In_Column_Value[2] ; Out_Row_Value[2]    ; 5.924 ; 5.924 ; 5.924 ; 5.924 ;
; In_Column_Value[2] ; Out_Row_Value[3]    ; 5.574 ; 5.574 ; 5.574 ; 5.574 ;
; In_Column_Value[2] ; Out_Row_Value[4]    ; 5.759 ; 5.759 ; 5.759 ; 5.759 ;
; In_Column_Value[2] ; Out_Row_Value[5]    ; 6.319 ; 6.319 ; 6.319 ; 6.319 ;
; In_Column_Value[2] ; Out_Row_Value[6]    ; 5.834 ; 5.834 ; 5.834 ; 5.834 ;
; In_Column_Value[2] ; Out_Row_Value[7]    ; 7.158 ; 7.158 ; 7.158 ; 7.158 ;
; In_Column_Value[3] ; Out_Column_Value[3] ; 5.367 ; 5.367 ; 5.367 ; 5.367 ;
; In_Column_Value[3] ; Out_Column_Value[4] ; 5.399 ; 5.399 ; 5.399 ; 5.399 ;
; In_Column_Value[3] ; Out_Column_Value[5] ; 5.600 ; 5.600 ; 5.600 ; 5.600 ;
; In_Column_Value[3] ; Out_Column_Value[6] ; 5.315 ; 5.315 ; 5.315 ; 5.315 ;
; In_Column_Value[3] ; Out_Column_Value[7] ; 5.525 ; 5.525 ; 5.525 ; 5.525 ;
; In_Column_Value[3] ; Out_Row_Value[0]    ; 5.588 ; 5.588 ; 5.588 ; 5.588 ;
; In_Column_Value[3] ; Out_Row_Value[1]    ; 6.480 ; 6.480 ; 6.480 ; 6.480 ;
; In_Column_Value[3] ; Out_Row_Value[2]    ; 5.888 ; 5.888 ; 5.888 ; 5.888 ;
; In_Column_Value[3] ; Out_Row_Value[3]    ; 5.538 ; 5.538 ; 5.538 ; 5.538 ;
; In_Column_Value[3] ; Out_Row_Value[4]    ; 5.723 ; 5.723 ; 5.723 ; 5.723 ;
; In_Column_Value[3] ; Out_Row_Value[5]    ; 6.283 ; 6.283 ; 6.283 ; 6.283 ;
; In_Column_Value[3] ; Out_Row_Value[6]    ; 5.798 ; 5.798 ; 5.798 ; 5.798 ;
; In_Column_Value[3] ; Out_Row_Value[7]    ; 7.122 ; 7.122 ; 7.122 ; 7.122 ;
; In_Column_Value[4] ; Out_Column_Value[4] ; 5.115 ; 5.115 ; 5.115 ; 5.115 ;
; In_Column_Value[4] ; Out_Column_Value[5] ; 5.419 ; 5.419 ; 5.419 ; 5.419 ;
; In_Column_Value[4] ; Out_Column_Value[6] ; 5.134 ; 5.134 ; 5.134 ; 5.134 ;
; In_Column_Value[4] ; Out_Column_Value[7] ; 5.344 ; 5.344 ; 5.344 ; 5.344 ;
; In_Column_Value[4] ; Out_Row_Value[0]    ; 5.407 ; 5.407 ; 5.407 ; 5.407 ;
; In_Column_Value[4] ; Out_Row_Value[1]    ; 6.299 ; 6.299 ; 6.299 ; 6.299 ;
; In_Column_Value[4] ; Out_Row_Value[2]    ; 5.707 ; 5.707 ; 5.707 ; 5.707 ;
; In_Column_Value[4] ; Out_Row_Value[3]    ; 5.357 ; 5.357 ; 5.357 ; 5.357 ;
; In_Column_Value[4] ; Out_Row_Value[4]    ; 5.542 ; 5.542 ; 5.542 ; 5.542 ;
; In_Column_Value[4] ; Out_Row_Value[5]    ; 6.102 ; 6.102 ; 6.102 ; 6.102 ;
; In_Column_Value[4] ; Out_Row_Value[6]    ; 5.617 ; 5.617 ; 5.617 ; 5.617 ;
; In_Column_Value[4] ; Out_Row_Value[7]    ; 6.941 ; 6.941 ; 6.941 ; 6.941 ;
; In_Column_Value[5] ; Out_Column_Value[5] ; 5.602 ; 5.602 ; 5.602 ; 5.602 ;
; In_Column_Value[5] ; Out_Column_Value[6] ; 5.422 ; 5.422 ; 5.422 ; 5.422 ;
; In_Column_Value[5] ; Out_Column_Value[7] ; 5.632 ; 5.632 ; 5.632 ; 5.632 ;
; In_Column_Value[5] ; Out_Row_Value[0]    ; 5.695 ; 5.695 ; 5.695 ; 5.695 ;
; In_Column_Value[5] ; Out_Row_Value[1]    ; 6.587 ; 6.587 ; 6.587 ; 6.587 ;
; In_Column_Value[5] ; Out_Row_Value[2]    ; 5.995 ; 5.995 ; 5.995 ; 5.995 ;
; In_Column_Value[5] ; Out_Row_Value[3]    ; 5.645 ; 5.645 ; 5.645 ; 5.645 ;
; In_Column_Value[5] ; Out_Row_Value[4]    ; 5.830 ; 5.830 ; 5.830 ; 5.830 ;
; In_Column_Value[5] ; Out_Row_Value[5]    ; 6.390 ; 6.390 ; 6.390 ; 6.390 ;
; In_Column_Value[5] ; Out_Row_Value[6]    ; 5.905 ; 5.905 ; 5.905 ; 5.905 ;
; In_Column_Value[5] ; Out_Row_Value[7]    ; 7.229 ; 7.229 ; 7.229 ; 7.229 ;
; In_Column_Value[6] ; Out_Column_Value[6] ; 5.091 ; 5.091 ; 5.091 ; 5.091 ;
; In_Column_Value[6] ; Out_Column_Value[7] ; 5.406 ; 5.406 ; 5.406 ; 5.406 ;
; In_Column_Value[6] ; Out_Row_Value[0]    ; 5.469 ; 5.469 ; 5.469 ; 5.469 ;
; In_Column_Value[6] ; Out_Row_Value[1]    ; 6.361 ; 6.361 ; 6.361 ; 6.361 ;
; In_Column_Value[6] ; Out_Row_Value[2]    ; 5.769 ; 5.769 ; 5.769 ; 5.769 ;
; In_Column_Value[6] ; Out_Row_Value[3]    ; 5.419 ; 5.419 ; 5.419 ; 5.419 ;
; In_Column_Value[6] ; Out_Row_Value[4]    ; 5.604 ; 5.604 ; 5.604 ; 5.604 ;
; In_Column_Value[6] ; Out_Row_Value[5]    ; 6.164 ; 6.164 ; 6.164 ; 6.164 ;
; In_Column_Value[6] ; Out_Row_Value[6]    ; 5.679 ; 5.679 ; 5.679 ; 5.679 ;
; In_Column_Value[6] ; Out_Row_Value[7]    ; 7.003 ; 7.003 ; 7.003 ; 7.003 ;
; In_Column_Value[7] ; Out_Column_Value[7] ; 3.742 ; 3.742 ; 3.742 ; 3.742 ;
; In_Column_Value[7] ; Out_Row_Value[0]    ; 3.904 ; 3.904 ; 3.904 ; 3.904 ;
; In_Column_Value[7] ; Out_Row_Value[1]    ; 4.796 ; 4.796 ; 4.796 ; 4.796 ;
; In_Column_Value[7] ; Out_Row_Value[2]    ; 4.204 ; 4.204 ; 4.204 ; 4.204 ;
; In_Column_Value[7] ; Out_Row_Value[3]    ; 3.854 ; 3.854 ; 3.854 ; 3.854 ;
; In_Column_Value[7] ; Out_Row_Value[4]    ; 4.039 ; 4.039 ; 4.039 ; 4.039 ;
; In_Column_Value[7] ; Out_Row_Value[5]    ; 4.599 ; 4.599 ; 4.599 ; 4.599 ;
; In_Column_Value[7] ; Out_Row_Value[6]    ; 4.114 ; 4.114 ; 4.114 ; 4.114 ;
; In_Column_Value[7] ; Out_Row_Value[7]    ; 5.438 ; 5.438 ; 5.438 ; 5.438 ;
; In_Row_Value[0]    ; Out_Row_Value[0]    ; 3.729 ; 3.729 ; 3.729 ; 3.729 ;
; In_Row_Value[0]    ; Out_Row_Value[1]    ; 4.724 ; 4.724 ; 4.724 ; 4.724 ;
; In_Row_Value[0]    ; Out_Row_Value[2]    ; 4.132 ; 4.132 ; 4.132 ; 4.132 ;
; In_Row_Value[0]    ; Out_Row_Value[3]    ; 3.782 ; 3.782 ; 3.782 ; 3.782 ;
; In_Row_Value[0]    ; Out_Row_Value[4]    ; 3.967 ; 3.967 ; 3.967 ; 3.967 ;
; In_Row_Value[0]    ; Out_Row_Value[5]    ; 4.527 ; 4.527 ; 4.527 ; 4.527 ;
; In_Row_Value[0]    ; Out_Row_Value[6]    ; 4.042 ; 4.042 ; 4.042 ; 4.042 ;
; In_Row_Value[0]    ; Out_Row_Value[7]    ; 5.366 ; 5.366 ; 5.366 ; 5.366 ;
; In_Row_Value[1]    ; Out_Row_Value[1]    ; 6.128 ; 6.128 ; 6.128 ; 6.128 ;
; In_Row_Value[1]    ; Out_Row_Value[2]    ; 5.639 ; 5.639 ; 5.639 ; 5.639 ;
; In_Row_Value[1]    ; Out_Row_Value[3]    ; 5.289 ; 5.289 ; 5.289 ; 5.289 ;
; In_Row_Value[1]    ; Out_Row_Value[4]    ; 5.474 ; 5.474 ; 5.474 ; 5.474 ;
; In_Row_Value[1]    ; Out_Row_Value[5]    ; 6.034 ; 6.034 ; 6.034 ; 6.034 ;
; In_Row_Value[1]    ; Out_Row_Value[6]    ; 5.549 ; 5.549 ; 5.549 ; 5.549 ;
; In_Row_Value[1]    ; Out_Row_Value[7]    ; 6.873 ; 6.873 ; 6.873 ; 6.873 ;
; In_Row_Value[2]    ; Out_Row_Value[2]    ; 5.490 ; 5.490 ; 5.490 ; 5.490 ;
; In_Row_Value[2]    ; Out_Row_Value[3]    ; 5.245 ; 5.245 ; 5.245 ; 5.245 ;
; In_Row_Value[2]    ; Out_Row_Value[4]    ; 5.430 ; 5.430 ; 5.430 ; 5.430 ;
; In_Row_Value[2]    ; Out_Row_Value[5]    ; 5.990 ; 5.990 ; 5.990 ; 5.990 ;
; In_Row_Value[2]    ; Out_Row_Value[6]    ; 5.505 ; 5.505 ; 5.505 ; 5.505 ;
; In_Row_Value[2]    ; Out_Row_Value[7]    ; 6.829 ; 6.829 ; 6.829 ; 6.829 ;
; In_Row_Value[3]    ; Out_Row_Value[3]    ; 5.106 ; 5.106 ; 5.106 ; 5.106 ;
; In_Row_Value[3]    ; Out_Row_Value[4]    ; 5.394 ; 5.394 ; 5.394 ; 5.394 ;
; In_Row_Value[3]    ; Out_Row_Value[5]    ; 5.954 ; 5.954 ; 5.954 ; 5.954 ;
; In_Row_Value[3]    ; Out_Row_Value[6]    ; 5.469 ; 5.469 ; 5.469 ; 5.469 ;
; In_Row_Value[3]    ; Out_Row_Value[7]    ; 6.793 ; 6.793 ; 6.793 ; 6.793 ;
; In_Row_Value[4]    ; Out_Row_Value[4]    ; 5.699 ; 5.699 ; 5.699 ; 5.699 ;
; In_Row_Value[4]    ; Out_Row_Value[5]    ; 6.364 ; 6.364 ; 6.364 ; 6.364 ;
; In_Row_Value[4]    ; Out_Row_Value[6]    ; 5.879 ; 5.879 ; 5.879 ; 5.879 ;
; In_Row_Value[4]    ; Out_Row_Value[7]    ; 7.203 ; 7.203 ; 7.203 ; 7.203 ;
; In_Row_Value[5]    ; Out_Row_Value[5]    ; 5.771 ; 5.771 ; 5.771 ; 5.771 ;
; In_Row_Value[5]    ; Out_Row_Value[6]    ; 5.391 ; 5.391 ; 5.391 ; 5.391 ;
; In_Row_Value[5]    ; Out_Row_Value[7]    ; 6.715 ; 6.715 ; 6.715 ; 6.715 ;
; In_Row_Value[6]    ; Out_Row_Value[6]    ; 5.258 ; 5.258 ; 5.258 ; 5.258 ;
; In_Row_Value[6]    ; Out_Row_Value[7]    ; 6.687 ; 6.687 ; 6.687 ; 6.687 ;
; In_Row_Value[7]    ; Out_Row_Value[7]    ; 6.416 ; 6.416 ; 6.416 ; 6.416 ;
+--------------------+---------------------+-------+-------+-------+-------+


+----------------------------------------------------------------------------+
; Multicorner Timing Analysis Summary                                        ;
+------------------+-------+------+----------+---------+---------------------+
; Clock            ; Setup ; Hold ; Recovery ; Removal ; Minimum Pulse Width ;
+------------------+-------+------+----------+---------+---------------------+
; Worst-case Slack ; N/A   ; N/A  ; N/A      ; N/A     ; N/A                 ;
; Design-wide TNS  ; 0.0   ; 0.0  ; 0.0      ; 0.0     ; 0.0                 ;
+------------------+-------+------+----------+---------+---------------------+


+------------------------------------------------------------------------------+
; Progagation Delay                                                            ;
+--------------------+---------------------+--------+--------+--------+--------+
; Input Port         ; Output Port         ; RR     ; RF     ; FR     ; FF     ;
+--------------------+---------------------+--------+--------+--------+--------+
; In_Column_Value[0] ; Out_Column_Value[0] ;        ; 8.155  ; 8.155  ;        ;
; In_Column_Value[0] ; Out_Column_Value[1] ; 9.460  ; 9.460  ; 9.460  ; 9.460  ;
; In_Column_Value[0] ; Out_Column_Value[2] ; 9.866  ; 9.866  ; 9.866  ; 9.866  ;
; In_Column_Value[0] ; Out_Column_Value[3] ; 10.165 ; 10.165 ; 10.165 ; 10.165 ;
; In_Column_Value[0] ; Out_Column_Value[4] ; 9.981  ; 9.981  ; 9.981  ; 9.981  ;
; In_Column_Value[0] ; Out_Column_Value[5] ; 10.380 ; 10.380 ; 10.380 ; 10.380 ;
; In_Column_Value[0] ; Out_Column_Value[6] ; 9.801  ; 9.801  ; 9.801  ; 9.801  ;
; In_Column_Value[0] ; Out_Column_Value[7] ; 10.227 ; 10.227 ; 10.227 ; 10.227 ;
; In_Column_Value[0] ; Out_Row_Value[0]    ; 10.342 ; 10.342 ; 10.342 ; 10.342 ;
; In_Column_Value[0] ; Out_Row_Value[1]    ; 12.064 ; 12.064 ; 12.064 ; 12.064 ;
; In_Column_Value[0] ; Out_Row_Value[2]    ; 10.959 ; 10.959 ; 10.959 ; 10.959 ;
; In_Column_Value[0] ; Out_Row_Value[3]    ; 10.229 ; 10.229 ; 10.229 ; 10.229 ;
; In_Column_Value[0] ; Out_Row_Value[4]    ; 10.614 ; 10.614 ; 10.614 ; 10.614 ;
; In_Column_Value[0] ; Out_Row_Value[5]    ; 11.679 ; 11.679 ; 11.679 ; 11.679 ;
; In_Column_Value[0] ; Out_Row_Value[6]    ; 10.754 ; 10.754 ; 10.754 ; 10.754 ;
; In_Column_Value[0] ; Out_Row_Value[7]    ; 13.245 ; 13.245 ; 13.245 ; 13.245 ;
; In_Column_Value[1] ; Out_Column_Value[1] ; 9.462  ; 9.462  ; 9.462  ; 9.462  ;
; In_Column_Value[1] ; Out_Column_Value[2] ; 9.872  ; 9.872  ; 9.872  ; 9.872  ;
; In_Column_Value[1] ; Out_Column_Value[3] ; 10.171 ; 10.171 ; 10.171 ; 10.171 ;
; In_Column_Value[1] ; Out_Column_Value[4] ; 9.987  ; 9.987  ; 9.987  ; 9.987  ;
; In_Column_Value[1] ; Out_Column_Value[5] ; 10.386 ; 10.386 ; 10.386 ; 10.386 ;
; In_Column_Value[1] ; Out_Column_Value[6] ; 9.807  ; 9.807  ; 9.807  ; 9.807  ;
; In_Column_Value[1] ; Out_Column_Value[7] ; 10.233 ; 10.233 ; 10.233 ; 10.233 ;
; In_Column_Value[1] ; Out_Row_Value[0]    ; 10.348 ; 10.348 ; 10.348 ; 10.348 ;
; In_Column_Value[1] ; Out_Row_Value[1]    ; 12.070 ; 12.070 ; 12.070 ; 12.070 ;
; In_Column_Value[1] ; Out_Row_Value[2]    ; 10.965 ; 10.965 ; 10.965 ; 10.965 ;
; In_Column_Value[1] ; Out_Row_Value[3]    ; 10.235 ; 10.235 ; 10.235 ; 10.235 ;
; In_Column_Value[1] ; Out_Row_Value[4]    ; 10.620 ; 10.620 ; 10.620 ; 10.620 ;
; In_Column_Value[1] ; Out_Row_Value[5]    ; 11.685 ; 11.685 ; 11.685 ; 11.685 ;
; In_Column_Value[1] ; Out_Row_Value[6]    ; 10.760 ; 10.760 ; 10.760 ; 10.760 ;
; In_Column_Value[1] ; Out_Row_Value[7]    ; 13.251 ; 13.251 ; 13.251 ; 13.251 ;
; In_Column_Value[2] ; Out_Column_Value[2] ; 9.484  ; 9.484  ; 9.484  ; 9.484  ;
; In_Column_Value[2] ; Out_Column_Value[3] ; 10.095 ; 10.095 ; 10.095 ; 10.095 ;
; In_Column_Value[2] ; Out_Column_Value[4] ; 9.911  ; 9.911  ; 9.911  ; 9.911  ;
; In_Column_Value[2] ; Out_Column_Value[5] ; 10.310 ; 10.310 ; 10.310 ; 10.310 ;
; In_Column_Value[2] ; Out_Column_Value[6] ; 9.731  ; 9.731  ; 9.731  ; 9.731  ;
; In_Column_Value[2] ; Out_Column_Value[7] ; 10.157 ; 10.157 ; 10.157 ; 10.157 ;
; In_Column_Value[2] ; Out_Row_Value[0]    ; 10.272 ; 10.272 ; 10.272 ; 10.272 ;
; In_Column_Value[2] ; Out_Row_Value[1]    ; 11.994 ; 11.994 ; 11.994 ; 11.994 ;
; In_Column_Value[2] ; Out_Row_Value[2]    ; 10.889 ; 10.889 ; 10.889 ; 10.889 ;
; In_Column_Value[2] ; Out_Row_Value[3]    ; 10.159 ; 10.159 ; 10.159 ; 10.159 ;
; In_Column_Value[2] ; Out_Row_Value[4]    ; 10.544 ; 10.544 ; 10.544 ; 10.544 ;
; In_Column_Value[2] ; Out_Row_Value[5]    ; 11.609 ; 11.609 ; 11.609 ; 11.609 ;
; In_Column_Value[2] ; Out_Row_Value[6]    ; 10.684 ; 10.684 ; 10.684 ; 10.684 ;
; In_Column_Value[2] ; Out_Row_Value[7]    ; 13.175 ; 13.175 ; 13.175 ; 13.175 ;
; In_Column_Value[3] ; Out_Column_Value[3] ; 9.732  ; 9.732  ; 9.732  ; 9.732  ;
; In_Column_Value[3] ; Out_Column_Value[4] ; 9.863  ; 9.863  ; 9.863  ; 9.863  ;
; In_Column_Value[3] ; Out_Column_Value[5] ; 10.262 ; 10.262 ; 10.262 ; 10.262 ;
; In_Column_Value[3] ; Out_Column_Value[6] ; 9.683  ; 9.683  ; 9.683  ; 9.683  ;
; In_Column_Value[3] ; Out_Column_Value[7] ; 10.109 ; 10.109 ; 10.109 ; 10.109 ;
; In_Column_Value[3] ; Out_Row_Value[0]    ; 10.224 ; 10.224 ; 10.224 ; 10.224 ;
; In_Column_Value[3] ; Out_Row_Value[1]    ; 11.946 ; 11.946 ; 11.946 ; 11.946 ;
; In_Column_Value[3] ; Out_Row_Value[2]    ; 10.841 ; 10.841 ; 10.841 ; 10.841 ;
; In_Column_Value[3] ; Out_Row_Value[3]    ; 10.111 ; 10.111 ; 10.111 ; 10.111 ;
; In_Column_Value[3] ; Out_Row_Value[4]    ; 10.496 ; 10.496 ; 10.496 ; 10.496 ;
; In_Column_Value[3] ; Out_Row_Value[5]    ; 11.561 ; 11.561 ; 11.561 ; 11.561 ;
; In_Column_Value[3] ; Out_Row_Value[6]    ; 10.636 ; 10.636 ; 10.636 ; 10.636 ;
; In_Column_Value[3] ; Out_Row_Value[7]    ; 13.127 ; 13.127 ; 13.127 ; 13.127 ;
; In_Column_Value[4] ; Out_Column_Value[4] ; 9.148  ; 9.148  ; 9.148  ; 9.148  ;
; In_Column_Value[4] ; Out_Column_Value[5] ; 9.859  ; 9.859  ; 9.859  ; 9.859  ;
; In_Column_Value[4] ; Out_Column_Value[6] ; 9.280  ; 9.280  ; 9.280  ; 9.280  ;
; In_Column_Value[4] ; Out_Column_Value[7] ; 9.706  ; 9.706  ; 9.706  ; 9.706  ;
; In_Column_Value[4] ; Out_Row_Value[0]    ; 9.821  ; 9.821  ; 9.821  ; 9.821  ;
; In_Column_Value[4] ; Out_Row_Value[1]    ; 11.543 ; 11.543 ; 11.543 ; 11.543 ;
; In_Column_Value[4] ; Out_Row_Value[2]    ; 10.438 ; 10.438 ; 10.438 ; 10.438 ;
; In_Column_Value[4] ; Out_Row_Value[3]    ; 9.708  ; 9.708  ; 9.708  ; 9.708  ;
; In_Column_Value[4] ; Out_Row_Value[4]    ; 10.093 ; 10.093 ; 10.093 ; 10.093 ;
; In_Column_Value[4] ; Out_Row_Value[5]    ; 11.158 ; 11.158 ; 11.158 ; 11.158 ;
; In_Column_Value[4] ; Out_Row_Value[6]    ; 10.233 ; 10.233 ; 10.233 ; 10.233 ;
; In_Column_Value[4] ; Out_Row_Value[7]    ; 12.724 ; 12.724 ; 12.724 ; 12.724 ;
; In_Column_Value[5] ; Out_Column_Value[5] ; 10.115 ; 10.115 ; 10.115 ; 10.115 ;
; In_Column_Value[5] ; Out_Column_Value[6] ; 9.851  ; 9.851  ; 9.851  ; 9.851  ;
; In_Column_Value[5] ; Out_Column_Value[7] ; 10.277 ; 10.277 ; 10.277 ; 10.277 ;
; In_Column_Value[5] ; Out_Row_Value[0]    ; 10.392 ; 10.392 ; 10.392 ; 10.392 ;
; In_Column_Value[5] ; Out_Row_Value[1]    ; 12.114 ; 12.114 ; 12.114 ; 12.114 ;
; In_Column_Value[5] ; Out_Row_Value[2]    ; 11.009 ; 11.009 ; 11.009 ; 11.009 ;
; In_Column_Value[5] ; Out_Row_Value[3]    ; 10.279 ; 10.279 ; 10.279 ; 10.279 ;
; In_Column_Value[5] ; Out_Row_Value[4]    ; 10.664 ; 10.664 ; 10.664 ; 10.664 ;
; In_Column_Value[5] ; Out_Row_Value[5]    ; 11.729 ; 11.729 ; 11.729 ; 11.729 ;
; In_Column_Value[5] ; Out_Row_Value[6]    ; 10.804 ; 10.804 ; 10.804 ; 10.804 ;
; In_Column_Value[5] ; Out_Row_Value[7]    ; 13.295 ; 13.295 ; 13.295 ; 13.295 ;
; In_Column_Value[6] ; Out_Column_Value[6] ; 9.100  ; 9.100  ; 9.100  ; 9.100  ;
; In_Column_Value[6] ; Out_Column_Value[7] ; 9.841  ; 9.841  ; 9.841  ; 9.841  ;
; In_Column_Value[6] ; Out_Row_Value[0]    ; 9.956  ; 9.956  ; 9.956  ; 9.956  ;
; In_Column_Value[6] ; Out_Row_Value[1]    ; 11.678 ; 11.678 ; 11.678 ; 11.678 ;
; In_Column_Value[6] ; Out_Row_Value[2]    ; 10.573 ; 10.573 ; 10.573 ; 10.573 ;
; In_Column_Value[6] ; Out_Row_Value[3]    ; 9.843  ; 9.843  ; 9.843  ; 9.843  ;
; In_Column_Value[6] ; Out_Row_Value[4]    ; 10.228 ; 10.228 ; 10.228 ; 10.228 ;
; In_Column_Value[6] ; Out_Row_Value[5]    ; 11.293 ; 11.293 ; 11.293 ; 11.293 ;
; In_Column_Value[6] ; Out_Row_Value[6]    ; 10.368 ; 10.368 ; 10.368 ; 10.368 ;
; In_Column_Value[6] ; Out_Row_Value[7]    ; 12.859 ; 12.859 ; 12.859 ; 12.859 ;
; In_Column_Value[7] ; Out_Column_Value[7] ; 7.220  ; 7.220  ; 7.220  ; 7.220  ;
; In_Column_Value[7] ; Out_Row_Value[0]    ; 7.651  ; 7.651  ; 7.651  ; 7.651  ;
; In_Column_Value[7] ; Out_Row_Value[1]    ; 9.373  ; 9.373  ; 9.373  ; 9.373  ;
; In_Column_Value[7] ; Out_Row_Value[2]    ; 8.268  ; 8.268  ; 8.268  ; 8.268  ;
; In_Column_Value[7] ; Out_Row_Value[3]    ; 7.538  ; 7.538  ; 7.538  ; 7.538  ;
; In_Column_Value[7] ; Out_Row_Value[4]    ; 7.923  ; 7.923  ; 7.923  ; 7.923  ;
; In_Column_Value[7] ; Out_Row_Value[5]    ; 8.988  ; 8.988  ; 8.988  ; 8.988  ;
; In_Column_Value[7] ; Out_Row_Value[6]    ; 8.063  ; 8.063  ; 8.063  ; 8.063  ;
; In_Column_Value[7] ; Out_Row_Value[7]    ; 10.554 ; 10.554 ; 10.554 ; 10.554 ;
; In_Row_Value[0]    ; Out_Row_Value[0]    ; 7.226  ; 7.226  ; 7.226  ; 7.226  ;
; In_Row_Value[0]    ; Out_Row_Value[1]    ; 9.260  ; 9.260  ; 9.260  ; 9.260  ;
; In_Row_Value[0]    ; Out_Row_Value[2]    ; 8.155  ; 8.155  ; 8.155  ; 8.155  ;
; In_Row_Value[0]    ; Out_Row_Value[3]    ; 7.425  ; 7.425  ; 7.425  ; 7.425  ;
; In_Row_Value[0]    ; Out_Row_Value[4]    ; 7.810  ; 7.810  ; 7.810  ; 7.810  ;
; In_Row_Value[0]    ; Out_Row_Value[5]    ; 8.875  ; 8.875  ; 8.875  ; 8.875  ;
; In_Row_Value[0]    ; Out_Row_Value[6]    ; 7.950  ; 7.950  ; 7.950  ; 7.950  ;
; In_Row_Value[0]    ; Out_Row_Value[7]    ; 10.441 ; 10.441 ; 10.441 ; 10.441 ;
; In_Row_Value[1]    ; Out_Row_Value[1]    ; 11.115 ; 11.115 ; 11.115 ; 11.115 ;
; In_Row_Value[1]    ; Out_Row_Value[2]    ; 10.322 ; 10.322 ; 10.322 ; 10.322 ;
; In_Row_Value[1]    ; Out_Row_Value[3]    ; 9.592  ; 9.592  ; 9.592  ; 9.592  ;
; In_Row_Value[1]    ; Out_Row_Value[4]    ; 9.977  ; 9.977  ; 9.977  ; 9.977  ;
; In_Row_Value[1]    ; Out_Row_Value[5]    ; 11.042 ; 11.042 ; 11.042 ; 11.042 ;
; In_Row_Value[1]    ; Out_Row_Value[6]    ; 10.117 ; 10.117 ; 10.117 ; 10.117 ;
; In_Row_Value[1]    ; Out_Row_Value[7]    ; 12.608 ; 12.608 ; 12.608 ; 12.608 ;
; In_Row_Value[2]    ; Out_Row_Value[2]    ; 9.943  ; 9.943  ; 9.943  ; 9.943  ;
; In_Row_Value[2]    ; Out_Row_Value[3]    ; 9.528  ; 9.528  ; 9.528  ; 9.528  ;
; In_Row_Value[2]    ; Out_Row_Value[4]    ; 9.913  ; 9.913  ; 9.913  ; 9.913  ;
; In_Row_Value[2]    ; Out_Row_Value[5]    ; 10.978 ; 10.978 ; 10.978 ; 10.978 ;
; In_Row_Value[2]    ; Out_Row_Value[6]    ; 10.053 ; 10.053 ; 10.053 ; 10.053 ;
; In_Row_Value[2]    ; Out_Row_Value[7]    ; 12.544 ; 12.544 ; 12.544 ; 12.544 ;
; In_Row_Value[3]    ; Out_Row_Value[3]    ; 9.124  ; 9.124  ; 9.124  ; 9.124  ;
; In_Row_Value[3]    ; Out_Row_Value[4]    ; 9.821  ; 9.821  ; 9.821  ; 9.821  ;
; In_Row_Value[3]    ; Out_Row_Value[5]    ; 10.886 ; 10.886 ; 10.886 ; 10.886 ;
; In_Row_Value[3]    ; Out_Row_Value[6]    ; 9.961  ; 9.961  ; 9.961  ; 9.961  ;
; In_Row_Value[3]    ; Out_Row_Value[7]    ; 12.452 ; 12.452 ; 12.452 ; 12.452 ;
; In_Row_Value[4]    ; Out_Row_Value[4]    ; 10.308 ; 10.308 ; 10.308 ; 10.308 ;
; In_Row_Value[4]    ; Out_Row_Value[5]    ; 11.688 ; 11.688 ; 11.688 ; 11.688 ;
; In_Row_Value[4]    ; Out_Row_Value[6]    ; 10.763 ; 10.763 ; 10.763 ; 10.763 ;
; In_Row_Value[4]    ; Out_Row_Value[7]    ; 13.254 ; 13.254 ; 13.254 ; 13.254 ;
; In_Row_Value[5]    ; Out_Row_Value[5]    ; 10.437 ; 10.437 ; 10.437 ; 10.437 ;
; In_Row_Value[5]    ; Out_Row_Value[6]    ; 9.827  ; 9.827  ; 9.827  ; 9.827  ;
; In_Row_Value[5]    ; Out_Row_Value[7]    ; 12.318 ; 12.318 ; 12.318 ; 12.318 ;
; In_Row_Value[6]    ; Out_Row_Value[6]    ; 9.454  ; 9.454  ; 9.454  ; 9.454  ;
; In_Row_Value[6]    ; Out_Row_Value[7]    ; 12.260 ; 12.260 ; 12.260 ; 12.260 ;
; In_Row_Value[7]    ; Out_Row_Value[7]    ; 11.565 ; 11.565 ; 11.565 ; 11.565 ;
+--------------------+---------------------+--------+--------+--------+--------+


+--------------------------------------------------------------------------+
; Minimum Progagation Delay                                                ;
+--------------------+---------------------+-------+-------+-------+-------+
; Input Port         ; Output Port         ; RR    ; RF    ; FR    ; FF    ;
+--------------------+---------------------+-------+-------+-------+-------+
; In_Column_Value[0] ; Out_Column_Value[0] ;       ; 4.693 ; 4.693 ;       ;
; In_Column_Value[0] ; Out_Column_Value[1] ; 5.280 ; 5.280 ; 5.280 ; 5.280 ;
; In_Column_Value[0] ; Out_Column_Value[2] ; 5.432 ; 5.432 ; 5.432 ; 5.432 ;
; In_Column_Value[0] ; Out_Column_Value[3] ; 5.546 ; 5.546 ; 5.546 ; 5.546 ;
; In_Column_Value[0] ; Out_Column_Value[4] ; 5.473 ; 5.473 ; 5.473 ; 5.473 ;
; In_Column_Value[0] ; Out_Column_Value[5] ; 5.674 ; 5.674 ; 5.674 ; 5.674 ;
; In_Column_Value[0] ; Out_Column_Value[6] ; 5.389 ; 5.389 ; 5.389 ; 5.389 ;
; In_Column_Value[0] ; Out_Column_Value[7] ; 5.599 ; 5.599 ; 5.599 ; 5.599 ;
; In_Column_Value[0] ; Out_Row_Value[0]    ; 5.662 ; 5.662 ; 5.662 ; 5.662 ;
; In_Column_Value[0] ; Out_Row_Value[1]    ; 6.554 ; 6.554 ; 6.554 ; 6.554 ;
; In_Column_Value[0] ; Out_Row_Value[2]    ; 5.962 ; 5.962 ; 5.962 ; 5.962 ;
; In_Column_Value[0] ; Out_Row_Value[3]    ; 5.612 ; 5.612 ; 5.612 ; 5.612 ;
; In_Column_Value[0] ; Out_Row_Value[4]    ; 5.797 ; 5.797 ; 5.797 ; 5.797 ;
; In_Column_Value[0] ; Out_Row_Value[5]    ; 6.357 ; 6.357 ; 6.357 ; 6.357 ;
; In_Column_Value[0] ; Out_Row_Value[6]    ; 5.872 ; 5.872 ; 5.872 ; 5.872 ;
; In_Column_Value[0] ; Out_Row_Value[7]    ; 7.196 ; 7.196 ; 7.196 ; 7.196 ;
; In_Column_Value[1] ; Out_Column_Value[1] ; 5.257 ; 5.257 ; 5.257 ; 5.257 ;
; In_Column_Value[1] ; Out_Column_Value[2] ; 5.414 ; 5.414 ; 5.414 ; 5.414 ;
; In_Column_Value[1] ; Out_Column_Value[3] ; 5.528 ; 5.528 ; 5.528 ; 5.528 ;
; In_Column_Value[1] ; Out_Column_Value[4] ; 5.455 ; 5.455 ; 5.455 ; 5.455 ;
; In_Column_Value[1] ; Out_Column_Value[5] ; 5.656 ; 5.656 ; 5.656 ; 5.656 ;
; In_Column_Value[1] ; Out_Column_Value[6] ; 5.371 ; 5.371 ; 5.371 ; 5.371 ;
; In_Column_Value[1] ; Out_Column_Value[7] ; 5.581 ; 5.581 ; 5.581 ; 5.581 ;
; In_Column_Value[1] ; Out_Row_Value[0]    ; 5.644 ; 5.644 ; 5.644 ; 5.644 ;
; In_Column_Value[1] ; Out_Row_Value[1]    ; 6.536 ; 6.536 ; 6.536 ; 6.536 ;
; In_Column_Value[1] ; Out_Row_Value[2]    ; 5.944 ; 5.944 ; 5.944 ; 5.944 ;
; In_Column_Value[1] ; Out_Row_Value[3]    ; 5.594 ; 5.594 ; 5.594 ; 5.594 ;
; In_Column_Value[1] ; Out_Row_Value[4]    ; 5.779 ; 5.779 ; 5.779 ; 5.779 ;
; In_Column_Value[1] ; Out_Row_Value[5]    ; 6.339 ; 6.339 ; 6.339 ; 6.339 ;
; In_Column_Value[1] ; Out_Row_Value[6]    ; 5.854 ; 5.854 ; 5.854 ; 5.854 ;
; In_Column_Value[1] ; Out_Row_Value[7]    ; 7.178 ; 7.178 ; 7.178 ; 7.178 ;
; In_Column_Value[2] ; Out_Column_Value[2] ; 5.291 ; 5.291 ; 5.291 ; 5.291 ;
; In_Column_Value[2] ; Out_Column_Value[3] ; 5.508 ; 5.508 ; 5.508 ; 5.508 ;
; In_Column_Value[2] ; Out_Column_Value[4] ; 5.435 ; 5.435 ; 5.435 ; 5.435 ;
; In_Column_Value[2] ; Out_Column_Value[5] ; 5.636 ; 5.636 ; 5.636 ; 5.636 ;
; In_Column_Value[2] ; Out_Column_Value[6] ; 5.351 ; 5.351 ; 5.351 ; 5.351 ;
; In_Column_Value[2] ; Out_Column_Value[7] ; 5.561 ; 5.561 ; 5.561 ; 5.561 ;
; In_Column_Value[2] ; Out_Row_Value[0]    ; 5.624 ; 5.624 ; 5.624 ; 5.624 ;
; In_Column_Value[2] ; Out_Row_Value[1]    ; 6.516 ; 6.516 ; 6.516 ; 6.516 ;
; In_Column_Value[2] ; Out_Row_Value[2]    ; 5.924 ; 5.924 ; 5.924 ; 5.924 ;
; In_Column_Value[2] ; Out_Row_Value[3]    ; 5.574 ; 5.574 ; 5.574 ; 5.574 ;
; In_Column_Value[2] ; Out_Row_Value[4]    ; 5.759 ; 5.759 ; 5.759 ; 5.759 ;
; In_Column_Value[2] ; Out_Row_Value[5]    ; 6.319 ; 6.319 ; 6.319 ; 6.319 ;
; In_Column_Value[2] ; Out_Row_Value[6]    ; 5.834 ; 5.834 ; 5.834 ; 5.834 ;
; In_Column_Value[2] ; Out_Row_Value[7]    ; 7.158 ; 7.158 ; 7.158 ; 7.158 ;
; In_Column_Value[3] ; Out_Column_Value[3] ; 5.367 ; 5.367 ; 5.367 ; 5.367 ;
; In_Column_Value[3] ; Out_Column_Value[4] ; 5.399 ; 5.399 ; 5.399 ; 5.399 ;
; In_Column_Value[3] ; Out_Column_Value[5] ; 5.600 ; 5.600 ; 5.600 ; 5.600 ;
; In_Column_Value[3] ; Out_Column_Value[6] ; 5.315 ; 5.315 ; 5.315 ; 5.315 ;
; In_Column_Value[3] ; Out_Column_Value[7] ; 5.525 ; 5.525 ; 5.525 ; 5.525 ;
; In_Column_Value[3] ; Out_Row_Value[0]    ; 5.588 ; 5.588 ; 5.588 ; 5.588 ;
; In_Column_Value[3] ; Out_Row_Value[1]    ; 6.480 ; 6.480 ; 6.480 ; 6.480 ;
; In_Column_Value[3] ; Out_Row_Value[2]    ; 5.888 ; 5.888 ; 5.888 ; 5.888 ;
; In_Column_Value[3] ; Out_Row_Value[3]    ; 5.538 ; 5.538 ; 5.538 ; 5.538 ;
; In_Column_Value[3] ; Out_Row_Value[4]    ; 5.723 ; 5.723 ; 5.723 ; 5.723 ;
; In_Column_Value[3] ; Out_Row_Value[5]    ; 6.283 ; 6.283 ; 6.283 ; 6.283 ;
; In_Column_Value[3] ; Out_Row_Value[6]    ; 5.798 ; 5.798 ; 5.798 ; 5.798 ;
; In_Column_Value[3] ; Out_Row_Value[7]    ; 7.122 ; 7.122 ; 7.122 ; 7.122 ;
; In_Column_Value[4] ; Out_Column_Value[4] ; 5.115 ; 5.115 ; 5.115 ; 5.115 ;
; In_Column_Value[4] ; Out_Column_Value[5] ; 5.419 ; 5.419 ; 5.419 ; 5.419 ;
; In_Column_Value[4] ; Out_Column_Value[6] ; 5.134 ; 5.134 ; 5.134 ; 5.134 ;
; In_Column_Value[4] ; Out_Column_Value[7] ; 5.344 ; 5.344 ; 5.344 ; 5.344 ;
; In_Column_Value[4] ; Out_Row_Value[0]    ; 5.407 ; 5.407 ; 5.407 ; 5.407 ;
; In_Column_Value[4] ; Out_Row_Value[1]    ; 6.299 ; 6.299 ; 6.299 ; 6.299 ;
; In_Column_Value[4] ; Out_Row_Value[2]    ; 5.707 ; 5.707 ; 5.707 ; 5.707 ;
; In_Column_Value[4] ; Out_Row_Value[3]    ; 5.357 ; 5.357 ; 5.357 ; 5.357 ;
; In_Column_Value[4] ; Out_Row_Value[4]    ; 5.542 ; 5.542 ; 5.542 ; 5.542 ;
; In_Column_Value[4] ; Out_Row_Value[5]    ; 6.102 ; 6.102 ; 6.102 ; 6.102 ;
; In_Column_Value[4] ; Out_Row_Value[6]    ; 5.617 ; 5.617 ; 5.617 ; 5.617 ;
; In_Column_Value[4] ; Out_Row_Value[7]    ; 6.941 ; 6.941 ; 6.941 ; 6.941 ;
; In_Column_Value[5] ; Out_Column_Value[5] ; 5.602 ; 5.602 ; 5.602 ; 5.602 ;
; In_Column_Value[5] ; Out_Column_Value[6] ; 5.422 ; 5.422 ; 5.422 ; 5.422 ;
; In_Column_Value[5] ; Out_Column_Value[7] ; 5.632 ; 5.632 ; 5.632 ; 5.632 ;
; In_Column_Value[5] ; Out_Row_Value[0]    ; 5.695 ; 5.695 ; 5.695 ; 5.695 ;
; In_Column_Value[5] ; Out_Row_Value[1]    ; 6.587 ; 6.587 ; 6.587 ; 6.587 ;
; In_Column_Value[5] ; Out_Row_Value[2]    ; 5.995 ; 5.995 ; 5.995 ; 5.995 ;
; In_Column_Value[5] ; Out_Row_Value[3]    ; 5.645 ; 5.645 ; 5.645 ; 5.645 ;
; In_Column_Value[5] ; Out_Row_Value[4]    ; 5.830 ; 5.830 ; 5.830 ; 5.830 ;
; In_Column_Value[5] ; Out_Row_Value[5]    ; 6.390 ; 6.390 ; 6.390 ; 6.390 ;
; In_Column_Value[5] ; Out_Row_Value[6]    ; 5.905 ; 5.905 ; 5.905 ; 5.905 ;
; In_Column_Value[5] ; Out_Row_Value[7]    ; 7.229 ; 7.229 ; 7.229 ; 7.229 ;
; In_Column_Value[6] ; Out_Column_Value[6] ; 5.091 ; 5.091 ; 5.091 ; 5.091 ;
; In_Column_Value[6] ; Out_Column_Value[7] ; 5.406 ; 5.406 ; 5.406 ; 5.406 ;
; In_Column_Value[6] ; Out_Row_Value[0]    ; 5.469 ; 5.469 ; 5.469 ; 5.469 ;
; In_Column_Value[6] ; Out_Row_Value[1]    ; 6.361 ; 6.361 ; 6.361 ; 6.361 ;
; In_Column_Value[6] ; Out_Row_Value[2]    ; 5.769 ; 5.769 ; 5.769 ; 5.769 ;
; In_Column_Value[6] ; Out_Row_Value[3]    ; 5.419 ; 5.419 ; 5.419 ; 5.419 ;
; In_Column_Value[6] ; Out_Row_Value[4]    ; 5.604 ; 5.604 ; 5.604 ; 5.604 ;
; In_Column_Value[6] ; Out_Row_Value[5]    ; 6.164 ; 6.164 ; 6.164 ; 6.164 ;
; In_Column_Value[6] ; Out_Row_Value[6]    ; 5.679 ; 5.679 ; 5.679 ; 5.679 ;
; In_Column_Value[6] ; Out_Row_Value[7]    ; 7.003 ; 7.003 ; 7.003 ; 7.003 ;
; In_Column_Value[7] ; Out_Column_Value[7] ; 3.742 ; 3.742 ; 3.742 ; 3.742 ;
; In_Column_Value[7] ; Out_Row_Value[0]    ; 3.904 ; 3.904 ; 3.904 ; 3.904 ;
; In_Column_Value[7] ; Out_Row_Value[1]    ; 4.796 ; 4.796 ; 4.796 ; 4.796 ;
; In_Column_Value[7] ; Out_Row_Value[2]    ; 4.204 ; 4.204 ; 4.204 ; 4.204 ;
; In_Column_Value[7] ; Out_Row_Value[3]    ; 3.854 ; 3.854 ; 3.854 ; 3.854 ;
; In_Column_Value[7] ; Out_Row_Value[4]    ; 4.039 ; 4.039 ; 4.039 ; 4.039 ;
; In_Column_Value[7] ; Out_Row_Value[5]    ; 4.599 ; 4.599 ; 4.599 ; 4.599 ;
; In_Column_Value[7] ; Out_Row_Value[6]    ; 4.114 ; 4.114 ; 4.114 ; 4.114 ;
; In_Column_Value[7] ; Out_Row_Value[7]    ; 5.438 ; 5.438 ; 5.438 ; 5.438 ;
; In_Row_Value[0]    ; Out_Row_Value[0]    ; 3.729 ; 3.729 ; 3.729 ; 3.729 ;
; In_Row_Value[0]    ; Out_Row_Value[1]    ; 4.724 ; 4.724 ; 4.724 ; 4.724 ;
; In_Row_Value[0]    ; Out_Row_Value[2]    ; 4.132 ; 4.132 ; 4.132 ; 4.132 ;
; In_Row_Value[0]    ; Out_Row_Value[3]    ; 3.782 ; 3.782 ; 3.782 ; 3.782 ;
; In_Row_Value[0]    ; Out_Row_Value[4]    ; 3.967 ; 3.967 ; 3.967 ; 3.967 ;
; In_Row_Value[0]    ; Out_Row_Value[5]    ; 4.527 ; 4.527 ; 4.527 ; 4.527 ;
; In_Row_Value[0]    ; Out_Row_Value[6]    ; 4.042 ; 4.042 ; 4.042 ; 4.042 ;
; In_Row_Value[0]    ; Out_Row_Value[7]    ; 5.366 ; 5.366 ; 5.366 ; 5.366 ;
; In_Row_Value[1]    ; Out_Row_Value[1]    ; 6.128 ; 6.128 ; 6.128 ; 6.128 ;
; In_Row_Value[1]    ; Out_Row_Value[2]    ; 5.639 ; 5.639 ; 5.639 ; 5.639 ;
; In_Row_Value[1]    ; Out_Row_Value[3]    ; 5.289 ; 5.289 ; 5.289 ; 5.289 ;
; In_Row_Value[1]    ; Out_Row_Value[4]    ; 5.474 ; 5.474 ; 5.474 ; 5.474 ;
; In_Row_Value[1]    ; Out_Row_Value[5]    ; 6.034 ; 6.034 ; 6.034 ; 6.034 ;
; In_Row_Value[1]    ; Out_Row_Value[6]    ; 5.549 ; 5.549 ; 5.549 ; 5.549 ;
; In_Row_Value[1]    ; Out_Row_Value[7]    ; 6.873 ; 6.873 ; 6.873 ; 6.873 ;
; In_Row_Value[2]    ; Out_Row_Value[2]    ; 5.490 ; 5.490 ; 5.490 ; 5.490 ;
; In_Row_Value[2]    ; Out_Row_Value[3]    ; 5.245 ; 5.245 ; 5.245 ; 5.245 ;
; In_Row_Value[2]    ; Out_Row_Value[4]    ; 5.430 ; 5.430 ; 5.430 ; 5.430 ;
; In_Row_Value[2]    ; Out_Row_Value[5]    ; 5.990 ; 5.990 ; 5.990 ; 5.990 ;
; In_Row_Value[2]    ; Out_Row_Value[6]    ; 5.505 ; 5.505 ; 5.505 ; 5.505 ;
; In_Row_Value[2]    ; Out_Row_Value[7]    ; 6.829 ; 6.829 ; 6.829 ; 6.829 ;
; In_Row_Value[3]    ; Out_Row_Value[3]    ; 5.106 ; 5.106 ; 5.106 ; 5.106 ;
; In_Row_Value[3]    ; Out_Row_Value[4]    ; 5.394 ; 5.394 ; 5.394 ; 5.394 ;
; In_Row_Value[3]    ; Out_Row_Value[5]    ; 5.954 ; 5.954 ; 5.954 ; 5.954 ;
; In_Row_Value[3]    ; Out_Row_Value[6]    ; 5.469 ; 5.469 ; 5.469 ; 5.469 ;
; In_Row_Value[3]    ; Out_Row_Value[7]    ; 6.793 ; 6.793 ; 6.793 ; 6.793 ;
; In_Row_Value[4]    ; Out_Row_Value[4]    ; 5.699 ; 5.699 ; 5.699 ; 5.699 ;
; In_Row_Value[4]    ; Out_Row_Value[5]    ; 6.364 ; 6.364 ; 6.364 ; 6.364 ;
; In_Row_Value[4]    ; Out_Row_Value[6]    ; 5.879 ; 5.879 ; 5.879 ; 5.879 ;
; In_Row_Value[4]    ; Out_Row_Value[7]    ; 7.203 ; 7.203 ; 7.203 ; 7.203 ;
; In_Row_Value[5]    ; Out_Row_Value[5]    ; 5.771 ; 5.771 ; 5.771 ; 5.771 ;
; In_Row_Value[5]    ; Out_Row_Value[6]    ; 5.391 ; 5.391 ; 5.391 ; 5.391 ;
; In_Row_Value[5]    ; Out_Row_Value[7]    ; 6.715 ; 6.715 ; 6.715 ; 6.715 ;
; In_Row_Value[6]    ; Out_Row_Value[6]    ; 5.258 ; 5.258 ; 5.258 ; 5.258 ;
; In_Row_Value[6]    ; Out_Row_Value[7]    ; 6.687 ; 6.687 ; 6.687 ; 6.687 ;
; In_Row_Value[7]    ; Out_Row_Value[7]    ; 6.416 ; 6.416 ; 6.416 ; 6.416 ;
+--------------------+---------------------+-------+-------+-------+-------+


-------------------
; Clock Transfers ;
-------------------
Nothing to report.


---------------
; Report TCCS ;
---------------
No dedicated SERDES Transmitter circuitry present in device or used in design


---------------
; Report RSKM ;
---------------
No dedicated SERDES Receiver circuitry present in device or used in design


+------------------------------------------------+
; Unconstrained Paths                            ;
+---------------------------------+-------+------+
; Property                        ; Setup ; Hold ;
+---------------------------------+-------+------+
; Illegal Clocks                  ; 0     ; 0    ;
; Unconstrained Clocks            ; 0     ; 0    ;
; Unconstrained Input Ports       ; 16    ; 16   ;
; Unconstrained Input Port Paths  ; 136   ; 136  ;
; Unconstrained Output Ports      ; 16    ; 16   ;
; Unconstrained Output Port Paths ; 136   ; 136  ;
+---------------------------------+-------+------+


+------------------------------------+
; TimeQuest Timing Analyzer Messages ;
+------------------------------------+
Info: *******************************************************************
Info: Running Quartus II 64-Bit TimeQuest Timing Analyzer
    Info: Version 13.0.1 Build 232 06/12/2013 Service Pack 1 SJ Web Edition
    Info: Processing started: Tue Jan 11 10:22:19 2022
Info: Command: quartus_sta Add_row_column_1 -c Add_row_column_1
Info: qsta_default_script.tcl version: #1
Warning (20028): Parallel compilation is not licensed and has been disabled
Info (21077): Low junction temperature is 0 degrees C
Info (21077): High junction temperature is 85 degrees C
Critical Warning (332012): Synopsys Design Constraints File file not found: 'Add_row_column_1.sdc'. A Synopsys Design Constraints File is required by the TimeQuest Timing Analyzer to get proper timing constraints. Without it, the Compiler will not properly optimize the design.
Info (332142): No user constrained base clocks found in the design. Calling "derive_clocks -period 1.0"
Info (332096): The command derive_clocks did not find any clocks to derive.  No clocks were created or changed.
Warning (332068): No clocks defined in design.
Info: Found TIMEQUEST_REPORT_SCRIPT_INCLUDE_DEFAULT_ANALYSIS = ON
Info (332159): No clocks to report
Info: Analyzing Slow Model
Info (332140): No fmax paths to report
Info (332140): No Setup paths to report
Info (332140): No Hold paths to report
Info (332140): No Recovery paths to report
Info (332140): No Removal paths to report
Info (332140): No Minimum Pulse Width paths to report
Info (332001): The selected device family is not supported by the report_metastability command.
Info: Analyzing Fast Model
Info (332142): No user constrained base clocks found in the design. Calling "derive_clocks -period 1.0"
Info (332096): The command derive_clocks did not find any clocks to derive.  No clocks were created or changed.
Warning (332068): No clocks defined in design.
Info (332140): No Setup paths to report
Info (332140): No Hold paths to report
Info (332140): No Recovery paths to report
Info (332140): No Removal paths to report
Info (332140): No Minimum Pulse Width paths to report
Info (332001): The selected device family is not supported by the report_metastability command.
Info (332102): Design is not fully constrained for setup requirements
Info (332102): Design is not fully constrained for hold requirements
Info: Quartus II 64-Bit TimeQuest Timing Analyzer was successful. 0 errors, 4 warnings
    Info: Peak virtual memory: 4541 megabytes
    Info: Processing ended: Tue Jan 11 10:22:20 2022
    Info: Elapsed time: 00:00:01
    Info: Total CPU time (on all processors): 00:00:01


